#
# There is insufficient memory for the Java Runtime Environment to continue.
# Native memory allocation (malloc) failed to allocate 2489712 bytes. Error detail: Chunk::new
# Possible reasons:
#   The system is out of physical RAM or swap space
#   This process is running with CompressedOops enabled, and the Java Heap may be blocking the growth of the native heap
# Possible solutions:
#   Reduce memory load on the system
#   Increase physical memory or swap space
#   Check if swap backing store is full
#   Decrease Java heap size (-Xmx/-Xms)
#   Decrease number of Java threads
#   Decrease Java thread stack sizes (-Xss)
#   Set larger code cache with -XX:ReservedCodeCacheSize=
#   JVM is running with Unscaled Compressed Oops mode in which the Java heap is
#     placed in the first 4GB address space. The Java Heap base address is the
#     maximum limit for the native heap growth. Please use -XX:HeapBaseMinAddress
#     to set the Java Heap base and to place the Java Heap above 4GB virtual address.
# This output file may be truncated or incomplete.
#
#  Out of Memory Error (arena.cpp:168), pid=6192, tid=21816
#
# JRE version: OpenJDK Runtime Environment Temurin-21.0.3+9 (21.0.3+9) (build 21.0.3+9-LTS)
# Java VM: OpenJDK 64-Bit Server VM Temurin-21.0.3+9 (21.0.3+9-LTS, mixed mode, tiered, compressed oops, compressed class ptrs, g1 gc, windows-amd64)
# No core dump will be written. Minidumps are not enabled by default on client versions of Windows
#

---------------  S U M M A R Y ------------

Command Line: -javaagent:C:\\Users\\bianc\\.m2\\repository\\org\\jacoco\\org.jacoco.agent\\0.8.10\\org.jacoco.agent-0.8.10-runtime.jar=destfile=C:\\Users\\bianc\\git\\PetShop-BackEnd\\target\\jacoco.exec C:\Users\bianc\AppData\Local\Temp\surefire15077588326762087173\surefirebooter-20250604205745360_3.jar C:\Users\bianc\AppData\Local\Temp\surefire15077588326762087173 2025-06-04T20-57-45_075-jvmRun1 surefire-20250604205745360_1tmp surefire_0-20250604205745360_2tmp

Host: 11th Gen Intel(R) Core(TM) i3-1115G4 @ 3.00GHz, 4 cores, 7G,  Windows 11 , 64 bit Build 26100 (10.0.26100.3912)
Time: Wed Jun  4 20:57:50 2025 Hora oficial do Brasil elapsed time: 5.168542 seconds (0d 0h 0m 5s)

---------------  T H R E A D  ---------------

Current thread (0x0000019ced8d8bb0):  JavaThread "C2 CompilerThread0" daemon [_thread_in_native, id=21816, stack(0x000000455b500000,0x000000455b600000) (1024K)]


Current CompileTask:
C2:   5168 2390 %     4       org.jacoco.agent.rt.internal_4a7f17c.asm.ClassReader::readCode @ 2186 (5117 bytes)

Stack: [0x000000455b500000,0x000000455b600000]
Native frames: (J=compiled Java code, j=interpreted, Vv=VM code, C=native code)
V  [jvm.dll+0x6c8699]
V  [jvm.dll+0x8a2061]
V  [jvm.dll+0x8a458e]
V  [jvm.dll+0x8a4c63]
V  [jvm.dll+0x27e476]
V  [jvm.dll+0xc4a1d]
V  [jvm.dll+0xc4f53]
V  [jvm.dll+0x3b265c]
V  [jvm.dll+0x1df899]
V  [jvm.dll+0x246b12]
V  [jvm.dll+0x245f9f]
V  [jvm.dll+0x1c6f4e]
V  [jvm.dll+0x255719]
V  [jvm.dll+0x253cba]
V  [jvm.dll+0x3ec1e6]
V  [jvm.dll+0x84bf8b]
V  [jvm.dll+0x6c6dcd]
C  [ucrtbase.dll+0x37b0]
C  [KERNEL32.DLL+0x2e8d7]
C  [ntdll.dll+0x9c5dc]


---------------  P R O C E S S  ---------------

Threads class SMR info:
_java_thread_list=0x0000019cf6b669e0, length=14, elements={
0x0000019cd3e26910, 0x0000019ced8cef80, 0x0000019ced8d0550, 0x0000019ced8eb130,
0x0000019ced8ec700, 0x0000019ced8ed160, 0x0000019ced8d6aa0, 0x0000019ced8d8bb0,
0x0000019ced8d9650, 0x0000019ced7dc0a0, 0x0000019cf2575420, 0x0000019cf65994a0,
0x0000019cf6b69080, 0x0000019cf6f5cd50
}

Java Threads: ( => current thread )
  0x0000019cd3e26910 JavaThread "main"                              [_thread_in_native, id=14844, stack(0x000000455a700000,0x000000455a800000) (1024K)]
  0x0000019ced8cef80 JavaThread "Reference Handler"          daemon [_thread_blocked, id=7796, stack(0x000000455af00000,0x000000455b000000) (1024K)]
  0x0000019ced8d0550 JavaThread "Finalizer"                  daemon [_thread_blocked, id=18368, stack(0x000000455b000000,0x000000455b100000) (1024K)]
  0x0000019ced8eb130 JavaThread "Signal Dispatcher"          daemon [_thread_blocked, id=13320, stack(0x000000455b100000,0x000000455b200000) (1024K)]
  0x0000019ced8ec700 JavaThread "Attach Listener"            daemon [_thread_blocked, id=20396, stack(0x000000455b200000,0x000000455b300000) (1024K)]
  0x0000019ced8ed160 JavaThread "Service Thread"             daemon [_thread_blocked, id=25764, stack(0x000000455b300000,0x000000455b400000) (1024K)]
  0x0000019ced8d6aa0 JavaThread "Monitor Deflation Thread"   daemon [_thread_blocked, id=11008, stack(0x000000455b400000,0x000000455b500000) (1024K)]
=>0x0000019ced8d8bb0 JavaThread "C2 CompilerThread0"         daemon [_thread_in_native, id=21816, stack(0x000000455b500000,0x000000455b600000) (1024K)]
  0x0000019ced8d9650 JavaThread "C1 CompilerThread0"         daemon [_thread_blocked, id=25416, stack(0x000000455b600000,0x000000455b700000) (1024K)]
  0x0000019ced7dc0a0 JavaThread "Common-Cleaner"             daemon [_thread_blocked, id=14360, stack(0x000000455b700000,0x000000455b800000) (1024K)]
  0x0000019cf2575420 JavaThread "Notification Thread"        daemon [_thread_blocked, id=11212, stack(0x000000455b800000,0x000000455b900000) (1024K)]
  0x0000019cf65994a0 JavaThread "surefire-forkedjvm-stream-flusher" daemon [_thread_blocked, id=3124, stack(0x000000455bc00000,0x000000455bd00000) (1024K)]
  0x0000019cf6b69080 JavaThread "surefire-forkedjvm-command-thread" daemon [_thread_in_native, id=11044, stack(0x000000455bd00000,0x000000455be00000) (1024K)]
  0x0000019cf6f5cd50 JavaThread "C2 CompilerThread1"         daemon [_thread_blocked, id=21596, stack(0x000000455be00000,0x000000455bf00000) (1024K)]
Total: 14

Other Threads:
  0x0000019ced82ae10 VMThread "VM Thread"                           [id=18320, stack(0x000000455ae00000,0x000000455af00000) (1024K)]
  0x0000019ced7dadc0 WatcherThread "VM Periodic Task Thread"        [id=25896, stack(0x000000455ad00000,0x000000455ae00000) (1024K)]
  0x0000019cd620fc70 WorkerThread "GC Thread#0"                     [id=24492, stack(0x000000455a800000,0x000000455a900000) (1024K)]
  0x0000019cedc7d4c0 WorkerThread "GC Thread#1"                     [id=1104, stack(0x000000455b900000,0x000000455ba00000) (1024K)]
  0x0000019cf25b2d90 WorkerThread "GC Thread#2"                     [id=2320, stack(0x000000455ba00000,0x000000455bb00000) (1024K)]
  0x0000019cf27fc3e0 WorkerThread "GC Thread#3"                     [id=5824, stack(0x000000455bb00000,0x000000455bc00000) (1024K)]
  0x0000019cd62215b0 ConcurrentGCThread "G1 Main Marker"            [id=11200, stack(0x000000455a900000,0x000000455aa00000) (1024K)]
  0x0000019cd6221e60 WorkerThread "G1 Conc#0"                       [id=20196, stack(0x000000455aa00000,0x000000455ab00000) (1024K)]
  0x0000019cd627e140 ConcurrentGCThread "G1 Refine#0"               [id=21644, stack(0x000000455ab00000,0x000000455ac00000) (1024K)]
  0x0000019cd627ea60 ConcurrentGCThread "G1 Service"                [id=22628, stack(0x000000455ac00000,0x000000455ad00000) (1024K)]
Total: 10

Threads with active compile tasks:
C2 CompilerThread0     5197 2390 %     4       org.jacoco.agent.rt.internal_4a7f17c.asm.ClassReader::readCode @ 2186 (5117 bytes)
Total: 1

VM state: not at safepoint (normal execution)

VM Mutex/Monitor currently owned by a thread: None

Heap address: 0x0000000084c00000, size: 1972 MB, Compressed Oops mode: 32-bit

CDS archive(s) not mapped
Compressed class space mapped at: 0x0000000100000000-0x0000000140000000, reserved size: 1073741824
Narrow klass base: 0x0000000000000000, Narrow klass shift: 3, Narrow klass range: 0x140000000

GC Precious Log:
 CardTable entry size: 512
 Card Set container configuration: InlinePtr #cards 5 size 8 Array Of Cards #cards 12 size 40 Howl #buckets 4 coarsen threshold 1843 Howl Bitmap #cards 512 size 80 coarsen threshold 460 Card regions per heap region 1 cards per card region 2048
 CPUs: 4 total, 4 available
 Memory: 7886M
 Large Page Support: Disabled
 NUMA Support: Disabled
 Compressed Oops: Enabled (32-bit)
 Heap Region Size: 1M
 Heap Min Capacity: 8M
 Heap Initial Capacity: 124M
 Heap Max Capacity: 1972M
 Pre-touch: Disabled
 Parallel Workers: 4
 Concurrent Workers: 1
 Concurrent Refinement Workers: 4
 Periodic GC: Disabled

Heap:
 garbage-first heap   total 126976K, used 41738K [0x0000000084c00000, 0x0000000100000000)
  region size 1024K, 34 young (34816K), 2 survivors (2048K)
 Metaspace       used 18845K, committed 19200K, reserved 1114112K
  class space    used 1827K, committed 1984K, reserved 1048576K

Heap Regions: E=young(eden), S=young(survivor), O=old, HS=humongous(starts), HC=humongous(continues), CS=collection set, F=free, TAMS=top-at-mark-start, PB=parsable bottom
|   0|0x0000000084c00000, 0x0000000084d00000, 0x0000000084d00000|100%|HS|  |TAMS 0x0000000084c00000| PB 0x0000000084c00000| Complete 
|   1|0x0000000084d00000, 0x0000000084e00000, 0x0000000084e00000|100%|HS|  |TAMS 0x0000000084d00000| PB 0x0000000084d00000| Complete 
|   2|0x0000000084e00000, 0x0000000084f00000, 0x0000000084f00000|100%| O|  |TAMS 0x0000000084e00000| PB 0x0000000084e00000| Untracked 
|   3|0x0000000084f00000, 0x0000000085000000, 0x0000000085000000|100%| O|  |TAMS 0x0000000084f00000| PB 0x0000000084f00000| Untracked 
|   4|0x0000000085000000, 0x0000000085100000, 0x0000000085100000|100%| O|  |TAMS 0x0000000085000000| PB 0x0000000085000000| Untracked 
|   5|0x0000000085100000, 0x0000000085200000, 0x0000000085200000|100%| O|  |TAMS 0x0000000085100000| PB 0x0000000085100000| Untracked 
|   6|0x0000000085200000, 0x0000000085300000, 0x0000000085300000|100%| O|  |TAMS 0x0000000085200000| PB 0x0000000085200000| Untracked 
|   7|0x0000000085300000, 0x00000000853d2ba0, 0x0000000085400000| 82%| O|  |TAMS 0x0000000085300000| PB 0x0000000085300000| Untracked 
|   8|0x0000000085400000, 0x0000000085400000, 0x0000000085500000|  0%| F|  |TAMS 0x0000000085400000| PB 0x0000000085400000| Untracked 
|   9|0x0000000085500000, 0x0000000085500000, 0x0000000085600000|  0%| F|  |TAMS 0x0000000085500000| PB 0x0000000085500000| Untracked 
|  10|0x0000000085600000, 0x0000000085600000, 0x0000000085700000|  0%| F|  |TAMS 0x0000000085600000| PB 0x0000000085600000| Untracked 
|  11|0x0000000085700000, 0x0000000085700000, 0x0000000085800000|  0%| F|  |TAMS 0x0000000085700000| PB 0x0000000085700000| Untracked 
|  12|0x0000000085800000, 0x0000000085800000, 0x0000000085900000|  0%| F|  |TAMS 0x0000000085800000| PB 0x0000000085800000| Untracked 
|  13|0x0000000085900000, 0x0000000085900000, 0x0000000085a00000|  0%| F|  |TAMS 0x0000000085900000| PB 0x0000000085900000| Untracked 
|  14|0x0000000085a00000, 0x0000000085a00000, 0x0000000085b00000|  0%| F|  |TAMS 0x0000000085a00000| PB 0x0000000085a00000| Untracked 
|  15|0x0000000085b00000, 0x0000000085b00000, 0x0000000085c00000|  0%| F|  |TAMS 0x0000000085b00000| PB 0x0000000085b00000| Untracked 
|  16|0x0000000085c00000, 0x0000000085c00000, 0x0000000085d00000|  0%| F|  |TAMS 0x0000000085c00000| PB 0x0000000085c00000| Untracked 
|  17|0x0000000085d00000, 0x0000000085d00000, 0x0000000085e00000|  0%| F|  |TAMS 0x0000000085d00000| PB 0x0000000085d00000| Untracked 
|  18|0x0000000085e00000, 0x0000000085e00000, 0x0000000085f00000|  0%| F|  |TAMS 0x0000000085e00000| PB 0x0000000085e00000| Untracked 
|  19|0x0000000085f00000, 0x0000000085f00000, 0x0000000086000000|  0%| F|  |TAMS 0x0000000085f00000| PB 0x0000000085f00000| Untracked 
|  20|0x0000000086000000, 0x0000000086000000, 0x0000000086100000|  0%| F|  |TAMS 0x0000000086000000| PB 0x0000000086000000| Untracked 
|  21|0x0000000086100000, 0x0000000086100000, 0x0000000086200000|  0%| F|  |TAMS 0x0000000086100000| PB 0x0000000086100000| Untracked 
|  22|0x0000000086200000, 0x0000000086200000, 0x0000000086300000|  0%| F|  |TAMS 0x0000000086200000| PB 0x0000000086200000| Untracked 
|  23|0x0000000086300000, 0x0000000086300000, 0x0000000086400000|  0%| F|  |TAMS 0x0000000086300000| PB 0x0000000086300000| Untracked 
|  24|0x0000000086400000, 0x0000000086400000, 0x0000000086500000|  0%| F|  |TAMS 0x0000000086400000| PB 0x0000000086400000| Untracked 
|  25|0x0000000086500000, 0x0000000086500000, 0x0000000086600000|  0%| F|  |TAMS 0x0000000086500000| PB 0x0000000086500000| Untracked 
|  26|0x0000000086600000, 0x0000000086600000, 0x0000000086700000|  0%| F|  |TAMS 0x0000000086600000| PB 0x0000000086600000| Untracked 
|  27|0x0000000086700000, 0x0000000086700000, 0x0000000086800000|  0%| F|  |TAMS 0x0000000086700000| PB 0x0000000086700000| Untracked 
|  28|0x0000000086800000, 0x0000000086800000, 0x0000000086900000|  0%| F|  |TAMS 0x0000000086800000| PB 0x0000000086800000| Untracked 
|  29|0x0000000086900000, 0x0000000086900000, 0x0000000086a00000|  0%| F|  |TAMS 0x0000000086900000| PB 0x0000000086900000| Untracked 
|  30|0x0000000086a00000, 0x0000000086a00000, 0x0000000086b00000|  0%| F|  |TAMS 0x0000000086a00000| PB 0x0000000086a00000| Untracked 
|  31|0x0000000086b00000, 0x0000000086b00000, 0x0000000086c00000|  0%| F|  |TAMS 0x0000000086b00000| PB 0x0000000086b00000| Untracked 
|  32|0x0000000086c00000, 0x0000000086c00000, 0x0000000086d00000|  0%| F|  |TAMS 0x0000000086c00000| PB 0x0000000086c00000| Untracked 
|  33|0x0000000086d00000, 0x0000000086d00000, 0x0000000086e00000|  0%| F|  |TAMS 0x0000000086d00000| PB 0x0000000086d00000| Untracked 
|  34|0x0000000086e00000, 0x0000000086e00000, 0x0000000086f00000|  0%| F|  |TAMS 0x0000000086e00000| PB 0x0000000086e00000| Untracked 
|  35|0x0000000086f00000, 0x0000000086f00000, 0x0000000087000000|  0%| F|  |TAMS 0x0000000086f00000| PB 0x0000000086f00000| Untracked 
|  36|0x0000000087000000, 0x0000000087000000, 0x0000000087100000|  0%| F|  |TAMS 0x0000000087000000| PB 0x0000000087000000| Untracked 
|  37|0x0000000087100000, 0x0000000087100000, 0x0000000087200000|  0%| F|  |TAMS 0x0000000087100000| PB 0x0000000087100000| Untracked 
|  38|0x0000000087200000, 0x0000000087200000, 0x0000000087300000|  0%| F|  |TAMS 0x0000000087200000| PB 0x0000000087200000| Untracked 
|  39|0x0000000087300000, 0x0000000087300000, 0x0000000087400000|  0%| F|  |TAMS 0x0000000087300000| PB 0x0000000087300000| Untracked 
|  40|0x0000000087400000, 0x0000000087400000, 0x0000000087500000|  0%| F|  |TAMS 0x0000000087400000| PB 0x0000000087400000| Untracked 
|  41|0x0000000087500000, 0x0000000087500000, 0x0000000087600000|  0%| F|  |TAMS 0x0000000087500000| PB 0x0000000087500000| Untracked 
|  42|0x0000000087600000, 0x0000000087600000, 0x0000000087700000|  0%| F|  |TAMS 0x0000000087600000| PB 0x0000000087600000| Untracked 
|  43|0x0000000087700000, 0x0000000087700000, 0x0000000087800000|  0%| F|  |TAMS 0x0000000087700000| PB 0x0000000087700000| Untracked 
|  44|0x0000000087800000, 0x0000000087800000, 0x0000000087900000|  0%| F|  |TAMS 0x0000000087800000| PB 0x0000000087800000| Untracked 
|  45|0x0000000087900000, 0x0000000087900000, 0x0000000087a00000|  0%| F|  |TAMS 0x0000000087900000| PB 0x0000000087900000| Untracked 
|  46|0x0000000087a00000, 0x0000000087a00000, 0x0000000087b00000|  0%| F|  |TAMS 0x0000000087a00000| PB 0x0000000087a00000| Untracked 
|  47|0x0000000087b00000, 0x0000000087b00000, 0x0000000087c00000|  0%| F|  |TAMS 0x0000000087b00000| PB 0x0000000087b00000| Untracked 
|  48|0x0000000087c00000, 0x0000000087c00000, 0x0000000087d00000|  0%| F|  |TAMS 0x0000000087c00000| PB 0x0000000087c00000| Untracked 
|  49|0x0000000087d00000, 0x0000000087d00000, 0x0000000087e00000|  0%| F|  |TAMS 0x0000000087d00000| PB 0x0000000087d00000| Untracked 
|  50|0x0000000087e00000, 0x0000000087e00000, 0x0000000087f00000|  0%| F|  |TAMS 0x0000000087e00000| PB 0x0000000087e00000| Untracked 
|  51|0x0000000087f00000, 0x0000000087f00000, 0x0000000088000000|  0%| F|  |TAMS 0x0000000087f00000| PB 0x0000000087f00000| Untracked 
|  52|0x0000000088000000, 0x0000000088000000, 0x0000000088100000|  0%| F|  |TAMS 0x0000000088000000| PB 0x0000000088000000| Untracked 
|  53|0x0000000088100000, 0x0000000088100000, 0x0000000088200000|  0%| F|  |TAMS 0x0000000088100000| PB 0x0000000088100000| Untracked 
|  54|0x0000000088200000, 0x0000000088200000, 0x0000000088300000|  0%| F|  |TAMS 0x0000000088200000| PB 0x0000000088200000| Untracked 
|  55|0x0000000088300000, 0x0000000088300000, 0x0000000088400000|  0%| F|  |TAMS 0x0000000088300000| PB 0x0000000088300000| Untracked 
|  56|0x0000000088400000, 0x0000000088400000, 0x0000000088500000|  0%| F|  |TAMS 0x0000000088400000| PB 0x0000000088400000| Untracked 
|  57|0x0000000088500000, 0x0000000088500000, 0x0000000088600000|  0%| F|  |TAMS 0x0000000088500000| PB 0x0000000088500000| Untracked 
|  58|0x0000000088600000, 0x0000000088600000, 0x0000000088700000|  0%| F|  |TAMS 0x0000000088600000| PB 0x0000000088600000| Untracked 
|  59|0x0000000088700000, 0x0000000088700000, 0x0000000088800000|  0%| F|  |TAMS 0x0000000088700000| PB 0x0000000088700000| Untracked 
|  60|0x0000000088800000, 0x0000000088800000, 0x0000000088900000|  0%| F|  |TAMS 0x0000000088800000| PB 0x0000000088800000| Untracked 
|  61|0x0000000088900000, 0x0000000088900000, 0x0000000088a00000|  0%| F|  |TAMS 0x0000000088900000| PB 0x0000000088900000| Untracked 
|  62|0x0000000088a00000, 0x0000000088a00000, 0x0000000088b00000|  0%| F|  |TAMS 0x0000000088a00000| PB 0x0000000088a00000| Untracked 
|  63|0x0000000088b00000, 0x0000000088b00000, 0x0000000088c00000|  0%| F|  |TAMS 0x0000000088b00000| PB 0x0000000088b00000| Untracked 
|  64|0x0000000088c00000, 0x0000000088c00000, 0x0000000088d00000|  0%| F|  |TAMS 0x0000000088c00000| PB 0x0000000088c00000| Untracked 
|  65|0x0000000088d00000, 0x0000000088d00000, 0x0000000088e00000|  0%| F|  |TAMS 0x0000000088d00000| PB 0x0000000088d00000| Untracked 
|  66|0x0000000088e00000, 0x0000000088e00000, 0x0000000088f00000|  0%| F|  |TAMS 0x0000000088e00000| PB 0x0000000088e00000| Untracked 
|  67|0x0000000088f00000, 0x0000000088f00000, 0x0000000089000000|  0%| F|  |TAMS 0x0000000088f00000| PB 0x0000000088f00000| Untracked 
|  68|0x0000000089000000, 0x0000000089000000, 0x0000000089100000|  0%| F|  |TAMS 0x0000000089000000| PB 0x0000000089000000| Untracked 
|  69|0x0000000089100000, 0x0000000089100000, 0x0000000089200000|  0%| F|  |TAMS 0x0000000089100000| PB 0x0000000089100000| Untracked 
|  70|0x0000000089200000, 0x0000000089200000, 0x0000000089300000|  0%| F|  |TAMS 0x0000000089200000| PB 0x0000000089200000| Untracked 
|  71|0x0000000089300000, 0x0000000089300000, 0x0000000089400000|  0%| F|  |TAMS 0x0000000089300000| PB 0x0000000089300000| Untracked 
|  72|0x0000000089400000, 0x0000000089400000, 0x0000000089500000|  0%| F|  |TAMS 0x0000000089400000| PB 0x0000000089400000| Untracked 
|  73|0x0000000089500000, 0x0000000089500000, 0x0000000089600000|  0%| F|  |TAMS 0x0000000089500000| PB 0x0000000089500000| Untracked 
|  74|0x0000000089600000, 0x0000000089600000, 0x0000000089700000|  0%| F|  |TAMS 0x0000000089600000| PB 0x0000000089600000| Untracked 
|  75|0x0000000089700000, 0x0000000089700000, 0x0000000089800000|  0%| F|  |TAMS 0x0000000089700000| PB 0x0000000089700000| Untracked 
|  76|0x0000000089800000, 0x0000000089800000, 0x0000000089900000|  0%| F|  |TAMS 0x0000000089800000| PB 0x0000000089800000| Untracked 
|  77|0x0000000089900000, 0x0000000089900000, 0x0000000089a00000|  0%| F|  |TAMS 0x0000000089900000| PB 0x0000000089900000| Untracked 
|  78|0x0000000089a00000, 0x0000000089a00000, 0x0000000089b00000|  0%| F|  |TAMS 0x0000000089a00000| PB 0x0000000089a00000| Untracked 
|  79|0x0000000089b00000, 0x0000000089b00000, 0x0000000089c00000|  0%| F|  |TAMS 0x0000000089b00000| PB 0x0000000089b00000| Untracked 
|  80|0x0000000089c00000, 0x0000000089c00000, 0x0000000089d00000|  0%| F|  |TAMS 0x0000000089c00000| PB 0x0000000089c00000| Untracked 
|  81|0x0000000089d00000, 0x0000000089d00000, 0x0000000089e00000|  0%| F|  |TAMS 0x0000000089d00000| PB 0x0000000089d00000| Untracked 
|  82|0x0000000089e00000, 0x0000000089e00000, 0x0000000089f00000|  0%| F|  |TAMS 0x0000000089e00000| PB 0x0000000089e00000| Untracked 
|  83|0x0000000089f00000, 0x0000000089f00000, 0x000000008a000000|  0%| F|  |TAMS 0x0000000089f00000| PB 0x0000000089f00000| Untracked 
|  84|0x000000008a000000, 0x000000008a000000, 0x000000008a100000|  0%| F|  |TAMS 0x000000008a000000| PB 0x000000008a000000| Untracked 
|  85|0x000000008a100000, 0x000000008a100000, 0x000000008a200000|  0%| F|  |TAMS 0x000000008a100000| PB 0x000000008a100000| Untracked 
|  86|0x000000008a200000, 0x000000008a2efd60, 0x000000008a300000| 93%| S|CS|TAMS 0x000000008a200000| PB 0x000000008a200000| Complete 
|  87|0x000000008a300000, 0x000000008a400000, 0x000000008a400000|100%| S|CS|TAMS 0x000000008a300000| PB 0x000000008a300000| Complete 
|  88|0x000000008a400000, 0x000000008a400000, 0x000000008a500000|  0%| F|  |TAMS 0x000000008a400000| PB 0x000000008a400000| Untracked 
|  89|0x000000008a500000, 0x000000008a500000, 0x000000008a600000|  0%| F|  |TAMS 0x000000008a500000| PB 0x000000008a500000| Untracked 
|  90|0x000000008a600000, 0x000000008a600000, 0x000000008a700000|  0%| F|  |TAMS 0x000000008a600000| PB 0x000000008a600000| Untracked 
|  91|0x000000008a700000, 0x000000008a700000, 0x000000008a800000|  0%| F|  |TAMS 0x000000008a700000| PB 0x000000008a700000| Untracked 
|  92|0x000000008a800000, 0x000000008a880800, 0x000000008a900000| 50%| E|  |TAMS 0x000000008a800000| PB 0x000000008a800000| Complete 
|  93|0x000000008a900000, 0x000000008aa00000, 0x000000008aa00000|100%| E|CS|TAMS 0x000000008a900000| PB 0x000000008a900000| Complete 
|  94|0x000000008aa00000, 0x000000008ab00000, 0x000000008ab00000|100%| E|CS|TAMS 0x000000008aa00000| PB 0x000000008aa00000| Complete 
|  95|0x000000008ab00000, 0x000000008ac00000, 0x000000008ac00000|100%| E|CS|TAMS 0x000000008ab00000| PB 0x000000008ab00000| Complete 
|  96|0x000000008ac00000, 0x000000008ad00000, 0x000000008ad00000|100%| E|CS|TAMS 0x000000008ac00000| PB 0x000000008ac00000| Complete 
|  97|0x000000008ad00000, 0x000000008ae00000, 0x000000008ae00000|100%| E|CS|TAMS 0x000000008ad00000| PB 0x000000008ad00000| Complete 
|  98|0x000000008ae00000, 0x000000008af00000, 0x000000008af00000|100%| E|CS|TAMS 0x000000008ae00000| PB 0x000000008ae00000| Complete 
|  99|0x000000008af00000, 0x000000008b000000, 0x000000008b000000|100%| E|CS|TAMS 0x000000008af00000| PB 0x000000008af00000| Complete 
| 100|0x000000008b000000, 0x000000008b100000, 0x000000008b100000|100%| E|CS|TAMS 0x000000008b000000| PB 0x000000008b000000| Complete 
| 101|0x000000008b100000, 0x000000008b200000, 0x000000008b200000|100%| E|CS|TAMS 0x000000008b100000| PB 0x000000008b100000| Complete 
| 102|0x000000008b200000, 0x000000008b300000, 0x000000008b300000|100%| E|CS|TAMS 0x000000008b200000| PB 0x000000008b200000| Complete 
| 103|0x000000008b300000, 0x000000008b400000, 0x000000008b400000|100%| E|CS|TAMS 0x000000008b300000| PB 0x000000008b300000| Complete 
| 104|0x000000008b400000, 0x000000008b500000, 0x000000008b500000|100%| E|CS|TAMS 0x000000008b400000| PB 0x000000008b400000| Complete 
| 105|0x000000008b500000, 0x000000008b600000, 0x000000008b600000|100%| E|CS|TAMS 0x000000008b500000| PB 0x000000008b500000| Complete 
| 106|0x000000008b600000, 0x000000008b700000, 0x000000008b700000|100%| E|CS|TAMS 0x000000008b600000| PB 0x000000008b600000| Complete 
| 107|0x000000008b700000, 0x000000008b800000, 0x000000008b800000|100%| E|CS|TAMS 0x000000008b700000| PB 0x000000008b700000| Complete 
| 108|0x000000008b800000, 0x000000008b900000, 0x000000008b900000|100%| E|CS|TAMS 0x000000008b800000| PB 0x000000008b800000| Complete 
| 109|0x000000008b900000, 0x000000008ba00000, 0x000000008ba00000|100%| E|CS|TAMS 0x000000008b900000| PB 0x000000008b900000| Complete 
| 110|0x000000008ba00000, 0x000000008bb00000, 0x000000008bb00000|100%| E|CS|TAMS 0x000000008ba00000| PB 0x000000008ba00000| Complete 
| 111|0x000000008bb00000, 0x000000008bc00000, 0x000000008bc00000|100%| E|CS|TAMS 0x000000008bb00000| PB 0x000000008bb00000| Complete 
| 112|0x000000008bc00000, 0x000000008bd00000, 0x000000008bd00000|100%| E|CS|TAMS 0x000000008bc00000| PB 0x000000008bc00000| Complete 
| 113|0x000000008bd00000, 0x000000008be00000, 0x000000008be00000|100%| E|CS|TAMS 0x000000008bd00000| PB 0x000000008bd00000| Complete 
| 114|0x000000008be00000, 0x000000008bf00000, 0x000000008bf00000|100%| E|CS|TAMS 0x000000008be00000| PB 0x000000008be00000| Complete 
| 115|0x000000008bf00000, 0x000000008c000000, 0x000000008c000000|100%| E|CS|TAMS 0x000000008bf00000| PB 0x000000008bf00000| Complete 
| 116|0x000000008c000000, 0x000000008c100000, 0x000000008c100000|100%| E|CS|TAMS 0x000000008c000000| PB 0x000000008c000000| Complete 
| 117|0x000000008c100000, 0x000000008c200000, 0x000000008c200000|100%| E|CS|TAMS 0x000000008c100000| PB 0x000000008c100000| Complete 
| 118|0x000000008c200000, 0x000000008c300000, 0x000000008c300000|100%| E|CS|TAMS 0x000000008c200000| PB 0x000000008c200000| Complete 
| 119|0x000000008c300000, 0x000000008c400000, 0x000000008c400000|100%| E|CS|TAMS 0x000000008c300000| PB 0x000000008c300000| Complete 
| 120|0x000000008c400000, 0x000000008c500000, 0x000000008c500000|100%| E|CS|TAMS 0x000000008c400000| PB 0x000000008c400000| Complete 
| 121|0x000000008c500000, 0x000000008c600000, 0x000000008c600000|100%| E|CS|TAMS 0x000000008c500000| PB 0x000000008c500000| Complete 
| 122|0x000000008c600000, 0x000000008c700000, 0x000000008c700000|100%| E|CS|TAMS 0x000000008c600000| PB 0x000000008c600000| Complete 
| 123|0x000000008c700000, 0x000000008c800000, 0x000000008c800000|100%| E|CS|TAMS 0x000000008c700000| PB 0x000000008c700000| Complete 

Card table byte_map: [0x0000019ce90a0000,0x0000019ce9480000] _byte_map_base: 0x0000019ce8c7a000

Marking Bits: (CMBitMap*) 0x0000019cd6210930
 Bits: [0x0000019ce9480000, 0x0000019ceb350000)

Polling page: 0x0000019cd40e0000

Metaspace:

Usage:
  Non-class:     16.62 MB used.
      Class:      1.78 MB used.
       Both:     18.40 MB used.

Virtual space:
  Non-class space:       64.00 MB reserved,      16.81 MB ( 26%) committed,  1 nodes.
      Class space:        1.00 GB reserved,       1.94 MB ( <1%) committed,  1 nodes.
             Both:        1.06 GB reserved,      18.75 MB (  2%) committed. 

Chunk freelists:
   Non-Class:  15.23 MB
       Class:  14.04 MB
        Both:  29.27 MB

MaxMetaspaceSize: unlimited
CompressedClassSpaceSize: 1.00 GB
Initial GC threshold: 21.00 MB
Current GC threshold: 21.00 MB
CDS: off
 - commit_granule_bytes: 65536.
 - commit_granule_words: 8192.
 - virtual_space_node_default_size: 8388608.
 - enlarge_chunks_in_place: 1.
 - use_allocation_guard: 0.


Internal statistics:

num_allocs_failed_limit: 0.
num_arena_births: 206.
num_arena_deaths: 0.
num_vsnodes_births: 2.
num_vsnodes_deaths: 0.
num_space_committed: 300.
num_space_uncommitted: 0.
num_chunks_returned_to_freelist: 0.
num_chunks_taken_from_freelist: 531.
num_chunk_merges: 0.
num_chunk_splits: 314.
num_chunks_enlarged: 202.
num_inconsistent_stats: 0.

CodeHeap 'non-profiled nmethods': size=120000Kb used=1346Kb max_used=1346Kb free=118654Kb
 bounds [0x0000019ce1790000, 0x0000019ce1a00000, 0x0000019ce8cc0000]
CodeHeap 'profiled nmethods': size=120000Kb used=5422Kb max_used=5422Kb free=114577Kb
 bounds [0x0000019cd9cc0000, 0x0000019cda210000, 0x0000019ce11f0000]
CodeHeap 'non-nmethods': size=5760Kb used=1512Kb max_used=1576Kb free=4247Kb
 bounds [0x0000019ce11f0000, 0x0000019ce1460000, 0x0000019ce1790000]
 total_blobs=3061 nmethods=2582 adapters=383
 compilation: enabled
              stopped_count=0, restarted_count=0
 full_count=0

Compilation events (20 events):
Event: 4.807 Thread 0x0000019ced8d9650 nmethod 2571 0x0000019ce18d5910 code [0x0000019ce18d5aa0, 0x0000019ce18d5b68]
Event: 4.818 Thread 0x0000019cf6f5cd50 nmethod 2561 0x0000019ce18d6e10 code [0x0000019ce18d70e0, 0x0000019ce18d8dc8]
Event: 4.818 Thread 0x0000019cf6f5cd50 2563       4       org.jacoco.agent.rt.internal_4a7f17c.asm.ByteVector::putUTF8 (144 bytes)
Event: 4.823 Thread 0x0000019cf6f5cd50 nmethod 2563 0x0000019ce18d9c10 code [0x0000019ce18d9de0, 0x0000019ce18da1b0]
Event: 4.823 Thread 0x0000019cf6f5cd50 2564       4       org.jacoco.agent.rt.internal_4a7f17c.asm.Attribute::computeAttributesSize (62 bytes)
Event: 4.824 Thread 0x0000019cf6f5cd50 nmethod 2564 0x0000019ce18da510 code [0x0000019ce18da6c0, 0x0000019ce18da820]
Event: 4.824 Thread 0x0000019cf6f5cd50 2562       4       java.lang.ref.SoftReference::get (29 bytes)
Event: 4.825 Thread 0x0000019cf6f5cd50 nmethod 2562 0x0000019ce18da990 code [0x0000019ce18dab20, 0x0000019ce18dac30]
Event: 4.832 Thread 0x0000019cf6f5cd50 2578       4       org.jacoco.agent.rt.internal_4a7f17c.asm.Frame::putAbstractType (379 bytes)
Event: 4.841 Thread 0x0000019ced8d9650 2579       3       java.lang.Character::toUpperCase (6 bytes)
Event: 4.841 Thread 0x0000019ced8d9650 nmethod 2579 0x0000019cda20a490 code [0x0000019cda20a660, 0x0000019cda20a8b0]
Event: 4.841 Thread 0x0000019ced8d9650 2581       3       java.lang.CharacterDataLatin1::toUpperCase (67 bytes)
Event: 4.841 Thread 0x0000019ced8d9650 nmethod 2581 0x0000019cda20a990 code [0x0000019cda20ab60, 0x0000019cda20aeb0]
Event: 4.841 Thread 0x0000019ced8d9650 2580       3       java.lang.Character::toUpperCase (9 bytes)
Event: 4.841 Thread 0x0000019ced8d9650 nmethod 2580 0x0000019cda20af10 code [0x0000019cda20b0c0, 0x0000019cda20b2b0]
Event: 4.841 Thread 0x0000019ced8d9650 2582       3       java.util.TreeMap::parentOf (13 bytes)
Event: 4.841 Thread 0x0000019ced8d9650 nmethod 2582 0x0000019cda20b390 code [0x0000019cda20b540, 0x0000019cda20b6b0]
Event: 4.905 Thread 0x0000019ced8d9650 2584       3       java.nio.ByteBuffer::position (6 bytes)
Event: 4.906 Thread 0x0000019ced8d9650 nmethod 2584 0x0000019cda20b790 code [0x0000019cda20b940, 0x0000019cda20bb00]
Event: 4.918 Thread 0x0000019cf6f5cd50 nmethod 2578 0x0000019ce18db010 code [0x0000019ce18db540, 0x0000019ce18deb38]

GC Heap History (6 events):
Event: 1.257 GC heap before
{Heap before GC invocations=0 (full 0):
 garbage-first heap   total 126976K, used 14336K [0x0000000084c00000, 0x0000000100000000)
  region size 1024K, 13 young (13312K), 0 survivors (0K)
 Metaspace       used 10059K, committed 10240K, reserved 1114112K
  class space    used 881K, committed 960K, reserved 1048576K
}
Event: 1.264 GC heap after
{Heap after GC invocations=1 (full 0):
 garbage-first heap   total 126976K, used 8122K [0x0000000084c00000, 0x0000000100000000)
  region size 1024K, 2 young (2048K), 2 survivors (2048K)
 Metaspace       used 10059K, committed 10240K, reserved 1114112K
  class space    used 881K, committed 960K, reserved 1048576K
}
Event: 1.705 GC heap before
{Heap before GC invocations=1 (full 0):
 garbage-first heap   total 126976K, used 20410K [0x0000000084c00000, 0x0000000100000000)
  region size 1024K, 14 young (14336K), 2 survivors (2048K)
 Metaspace       used 11660K, committed 11840K, reserved 1114112K
  class space    used 1032K, committed 1088K, reserved 1048576K
}
Event: 1.709 GC heap after
{Heap after GC invocations=2 (full 0):
 garbage-first heap   total 126976K, used 8749K [0x0000000084c00000, 0x0000000100000000)
  region size 1024K, 1 young (1024K), 1 survivors (1024K)
 Metaspace       used 11660K, committed 11840K, reserved 1114112K
  class space    used 1032K, committed 1088K, reserved 1048576K
}
Event: 3.767 GC heap before
{Heap before GC invocations=2 (full 0):
 garbage-first heap   total 126976K, used 44589K [0x0000000084c00000, 0x0000000100000000)
  region size 1024K, 36 young (36864K), 1 survivors (1024K)
 Metaspace       used 15696K, committed 15872K, reserved 1114112K
  class space    used 1411K, committed 1472K, reserved 1048576K
}
Event: 3.771 GC heap after
{Heap after GC invocations=3 (full 0):
 garbage-first heap   total 126976K, used 9994K [0x0000000084c00000, 0x0000000100000000)
  region size 1024K, 2 young (2048K), 2 survivors (2048K)
 Metaspace       used 15696K, committed 15872K, reserved 1114112K
  class space    used 1411K, committed 1472K, reserved 1048576K
}

Dll operation events (10 events):
Event: 0.013 Loaded shared library C:\Users\bianc\OneDrive\햞ea de Trabalho\sts-4.24.0.RELEASE\plugins\org.eclipse.justj.openjdk.hotspot.jre.full.win32.x86_64_21.0.3.v20240426-1530\jre\bin\java.dll
Event: 0.020 Loaded shared library C:\Users\bianc\OneDrive\햞ea de Trabalho\sts-4.24.0.RELEASE\plugins\org.eclipse.justj.openjdk.hotspot.jre.full.win32.x86_64_21.0.3.v20240426-1530\jre\bin\zip.dll
Event: 0.322 Loaded shared library C:\Users\bianc\OneDrive\햞ea de Trabalho\sts-4.24.0.RELEASE\plugins\org.eclipse.justj.openjdk.hotspot.jre.full.win32.x86_64_21.0.3.v20240426-1530\jre\bin\instrument.dll
Event: 0.337 Loaded shared library C:\Users\bianc\OneDrive\햞ea de Trabalho\sts-4.24.0.RELEASE\plugins\org.eclipse.justj.openjdk.hotspot.jre.full.win32.x86_64_21.0.3.v20240426-1530\jre\bin\net.dll
Event: 0.339 Loaded shared library C:\Users\bianc\OneDrive\햞ea de Trabalho\sts-4.24.0.RELEASE\plugins\org.eclipse.justj.openjdk.hotspot.jre.full.win32.x86_64_21.0.3.v20240426-1530\jre\bin\nio.dll
Event: 0.350 Loaded shared library C:\Users\bianc\OneDrive\햞ea de Trabalho\sts-4.24.0.RELEASE\plugins\org.eclipse.justj.openjdk.hotspot.jre.full.win32.x86_64_21.0.3.v20240426-1530\jre\bin\zip.dll
Event: 0.512 Loaded shared library C:\Users\bianc\OneDrive\햞ea de Trabalho\sts-4.24.0.RELEASE\plugins\org.eclipse.justj.openjdk.hotspot.jre.full.win32.x86_64_21.0.3.v20240426-1530\jre\bin\verify.dll
Event: 0.562 Loaded shared library C:\Users\bianc\OneDrive\햞ea de Trabalho\sts-4.24.0.RELEASE\plugins\org.eclipse.justj.openjdk.hotspot.jre.full.win32.x86_64_21.0.3.v20240426-1530\jre\bin\jimage.dll
Event: 1.559 Loaded shared library C:\Users\bianc\OneDrive\햞ea de Trabalho\sts-4.24.0.RELEASE\plugins\org.eclipse.justj.openjdk.hotspot.jre.full.win32.x86_64_21.0.3.v20240426-1530\jre\bin\management.dll
Event: 1.568 Loaded shared library C:\Users\bianc\OneDrive\햞ea de Trabalho\sts-4.24.0.RELEASE\plugins\org.eclipse.justj.openjdk.hotspot.jre.full.win32.x86_64_21.0.3.v20240426-1530\jre\bin\management_ext.dll

Deoptimization events (20 events):
Event: 4.754 Thread 0x0000019cd3e26910 Uncommon trap: trap_request=0xffffffde fr.pc=0x0000019ce18cea34 relative=0x0000000000000274
Event: 4.754 Thread 0x0000019cd3e26910 Uncommon trap: reason=class_check action=maybe_recompile pc=0x0000019ce18cea34 method=java.util.HashMap.prepareArray([Ljava/lang/Object;)[Ljava/lang/Object; @ 22 c2
Event: 4.754 Thread 0x0000019cd3e26910 DEOPT PACKING pc=0x0000019ce18cea34 sp=0x000000455a7fb660
Event: 4.754 Thread 0x0000019cd3e26910 DEOPT UNPACKING pc=0x0000019ce1247da2 sp=0x000000455a7fb618 mode 2
Event: 4.771 Thread 0x0000019cd3e26910 Uncommon trap: trap_request=0xffffff54 fr.pc=0x0000019ce1897500 relative=0x00000000000014a0
Event: 4.771 Thread 0x0000019cd3e26910 Uncommon trap: reason=speculate_null_assert action=make_not_entrant pc=0x0000019ce1897500 method=java.util.jar.JarFile.getVersionedEntry(Ljava/lang/String;Ljava/util/jar/JarEntry;)Ljava/util/jar/JarEntry; @ 115 c2
Event: 4.771 Thread 0x0000019cd3e26910 DEOPT PACKING pc=0x0000019ce1897500 sp=0x000000455a7f9890
Event: 4.771 Thread 0x0000019cd3e26910 DEOPT UNPACKING pc=0x0000019ce1247da2 sp=0x000000455a7f9888 mode 2
Event: 4.771 Thread 0x0000019cd3e26910 Uncommon trap: trap_request=0xffffff45 fr.pc=0x0000019ce17ceca4 relative=0x0000000000000c44
Event: 4.771 Thread 0x0000019cd3e26910 Uncommon trap: reason=unstable_if action=reinterpret pc=0x0000019ce17ceca4 method=java.util.jar.JarFile.getEntry(Ljava/lang/String;)Ljava/util/zip/ZipEntry; @ 15 c2
Event: 4.771 Thread 0x0000019cd3e26910 DEOPT PACKING pc=0x0000019ce17ceca4 sp=0x000000455a7f9950
Event: 4.771 Thread 0x0000019cd3e26910 DEOPT UNPACKING pc=0x0000019ce1247da2 sp=0x000000455a7f9948 mode 2
Event: 4.840 Thread 0x0000019cd3e26910 Uncommon trap: trap_request=0xffffffc6 fr.pc=0x0000019ce18c3060 relative=0x00000000000012c0
Event: 4.840 Thread 0x0000019cd3e26910 Uncommon trap: reason=bimorphic_or_optimized_type_check action=maybe_recompile pc=0x0000019ce18c3060 method=java.util.HashMap.putVal(ILjava/lang/Object;Ljava/lang/Object;ZZ)Ljava/lang/Object; @ 56 c2
Event: 4.840 Thread 0x0000019cd3e26910 DEOPT PACKING pc=0x0000019ce18c3060 sp=0x000000455a7f9810
Event: 4.840 Thread 0x0000019cd3e26910 DEOPT UNPACKING pc=0x0000019ce1247da2 sp=0x000000455a7f97a8 mode 2
Event: 4.840 Thread 0x0000019cd3e26910 Uncommon trap: trap_request=0xffffffc6 fr.pc=0x0000019ce18c3060 relative=0x00000000000012c0
Event: 4.840 Thread 0x0000019cd3e26910 Uncommon trap: reason=bimorphic_or_optimized_type_check action=maybe_recompile pc=0x0000019ce18c3060 method=java.util.HashMap.putVal(ILjava/lang/Object;Ljava/lang/Object;ZZ)Ljava/lang/Object; @ 56 c2
Event: 4.840 Thread 0x0000019cd3e26910 DEOPT PACKING pc=0x0000019ce18c3060 sp=0x000000455a7f9810
Event: 4.840 Thread 0x0000019cd3e26910 DEOPT UNPACKING pc=0x0000019ce1247da2 sp=0x000000455a7f97a8 mode 2

Classes loaded (20 events):
Event: 4.863 Loading class jdk/internal/logger/LoggerFinderLoader
Event: 4.863 Loading class jdk/internal/logger/LoggerFinderLoader done
Event: 4.864 Loading class sun/security/util/SecurityConstants
Event: 4.864 Loading class sun/security/util/SecurityConstants done
Event: 4.864 Loading class java/net/NetPermission
Event: 4.864 Loading class java/net/NetPermission done
Event: 4.864 Loading class java/security/SecurityPermission
Event: 4.864 Loading class java/security/SecurityPermission done
Event: 4.864 Loading class java/net/SocketPermission
Event: 4.864 Loading class java/net/SocketPermission done
Event: 4.865 Loading class java/lang/reflect/ReflectPermission
Event: 4.865 Loading class java/lang/reflect/ReflectPermission done
Event: 4.866 Loading class jdk/internal/logger/LoggerFinderLoader$TemporaryLoggerFinder
Event: 4.866 Loading class jdk/internal/logger/LoggerFinderLoader$TemporaryLoggerFinder done
Event: 4.866 Loading class sun/util/logging/internal/LoggingProviderImpl$JULWrapper
Event: 4.870 Loading class sun/util/logging/PlatformLogger$ConfigurableBridge$LoggerConfiguration
Event: 4.871 Loading class sun/util/logging/PlatformLogger$ConfigurableBridge$LoggerConfiguration done
Event: 4.871 Loading class sun/util/logging/internal/LoggingProviderImpl$JULWrapper done
Event: 4.871 Loading class java/lang/System$Logger$Level
Event: 4.871 Loading class java/lang/System$Logger$Level done

Classes unloaded (0 events):
No events

Classes redefined (0 events):
No events

Internal exceptions (20 events):
Event: 4.405 Thread 0x0000019cd3e26910 Exception <a 'java/lang/NoSuchMethodError'{0x000000008ba40358}: 'void java.lang.invoke.DirectMethodHandle$Holder.invokeInterface(java.lang.Object, java.lang.Object, java.lang.Object, java.lang.Object)'> (0x000000008ba40358) 
thrown [s\src\hotspot\share\interpreter\linkResolver.cpp, line 773]
Event: 4.405 Thread 0x0000019cd3e26910 Exception <a 'java/lang/IncompatibleClassChangeError'{0x000000008ba43500}: Found class java.lang.Object, but interface was expected> (0x000000008ba43500) 
thrown [s\src\hotspot\share\interpreter\linkResolver.cpp, line 840]
Event: 4.459 Thread 0x0000019cd3e26910 Exception <a 'java/lang/NoSuchMethodError'{0x000000008b896418}: 'int java.lang.invoke.DirectMethodHandle$Holder.invokeStatic(java.lang.Object, java.lang.Object, java.lang.Object, java.lang.Object)'> (0x000000008b896418) 
thrown [s\src\hotspot\share\interpreter\linkResolver.cpp, line 773]
Event: 4.462 Thread 0x0000019cd3e26910 Exception <a 'java/lang/NoSuchMethodError'{0x000000008b899a98}: 'java.lang.Object java.lang.invoke.Invokers$Holder.invokeExact_MT(java.lang.Object, java.lang.Object, java.lang.Object, java.lang.Object, java.lang.Object, java.lang.Object)'> (0x000000008b899a98) 
thrown [s\src\hotspot\share\interpreter\linkResolver.cpp, line 773]
Event: 4.464 Thread 0x0000019cd3e26910 Exception <a 'java/lang/NoSuchMethodError'{0x000000008b8a7a60}: 'int java.lang.invoke.DirectMethodHandle$Holder.invokeStatic(java.lang.Object, java.lang.Object, java.lang.Object, java.lang.Object, java.lang.Object)'> (0x000000008b8a7a60) 
thrown [s\src\hotspot\share\interpreter\linkResolver.cpp, line 773]
Event: 4.492 Thread 0x0000019cd3e26910 Exception <a 'java/lang/NoSuchMethodError'{0x000000008b7a45f0}: 'void java.lang.invoke.DirectMethodHandle$Holder.invokeStaticInit(java.lang.Object)'> (0x000000008b7a45f0) 
thrown [s\src\hotspot\share\interpreter\linkResolver.cpp, line 773]
Event: 4.545 Thread 0x0000019cd3e26910 Exception <a 'java/lang/NoSuchMethodError'{0x000000008b48d080}: 'void java.lang.invoke.DirectMethodHandle$Holder.invokeStaticInit(java.lang.Object, java.lang.Object, java.lang.Object, java.lang.Object)'> (0x000000008b48d080) 
thrown [s\src\hotspot\share\interpreter\linkResolver.cpp, line 773]
Event: 4.571 Thread 0x0000019cd3e26910 Exception <a 'java/lang/NoSuchMethodError'{0x000000008b3d0bd0}: 'int java.lang.invoke.DirectMethodHandle$Holder.invokeStaticInit(java.lang.Object, java.lang.Object)'> (0x000000008b3d0bd0) 
thrown [s\src\hotspot\share\interpreter\linkResolver.cpp, line 773]
Event: 4.653 Thread 0x0000019cd3e26910 Exception <a 'java/lang/NoSuchMethodError'{0x000000008b01d0e8}: 'void java.lang.invoke.DirectMethodHandle$Holder.invokeStatic(java.lang.Object, java.lang.Object)'> (0x000000008b01d0e8) 
thrown [s\src\hotspot\share\interpreter\linkResolver.cpp, line 773]
Event: 4.675 Thread 0x0000019cd3e26910 Exception <a 'java/lang/NoSuchMethodError'{0x000000008b0b2080}: 'java.lang.Object java.lang.invoke.DirectMethodHandle$Holder.newInvokeSpecial(java.lang.Object, java.lang.Object, java.lang.Object, java.lang.Object, java.lang.Object, java.lang.Object, java.lang.Object)'> (0x000000008b0b2080) 
thrown [s\src\hotspot\share\interpreter\linkResolver.cpp, line 773]
Event: 4.679 Thread 0x0000019cd3e26910 Exception <a 'java/lang/NoSuchMethodError'{0x000000008b0cc6e0}: 'java.lang.Object java.lang.invoke.DirectMethodHandle$Holder.invokeInterface(java.lang.Object, java.lang.Object, java.lang.Object, java.lang.Object, java.lang.Object)'> (0x000000008b0cc6e0) 
thrown [s\src\hotspot\share\interpreter\linkResolver.cpp, line 773]
Event: 4.680 Thread 0x0000019cd3e26910 Exception <a 'java/lang/IncompatibleClassChangeError'{0x000000008b0d0208}: Found class java.lang.Object, but interface was expected> (0x000000008b0d0208) 
thrown [s\src\hotspot\share\interpreter\linkResolver.cpp, line 840]
Event: 4.780 Thread 0x0000019cd3e26910 Exception <a 'java/lang/NoSuchMethodError'{0x000000008aa56d30}: method resolution failed> (0x000000008aa56d30) 
thrown [s\src\hotspot\share\prims\methodHandles.cpp, line 1144]
Event: 4.803 Thread 0x0000019cd3e26910 Exception <a 'java/lang/NoSuchMethodError'{0x000000008a9429d8}: 'int java.lang.invoke.DirectMethodHandle$Holder.invokeSpecial(java.lang.Object, java.lang.Object, java.lang.Object, java.lang.Object)'> (0x000000008a9429d8) 
thrown [s\src\hotspot\share\interpreter\linkResolver.cpp, line 773]
Event: 4.812 Thread 0x0000019cd3e26910 Exception <a 'java/lang/NoSuchMethodError'{0x000000008a966a98}: 'java.lang.Object java.lang.invoke.DirectMethodHandle$Holder.invokeStatic(java.lang.Object, long, java.lang.Object)'> (0x000000008a966a98) 
thrown [s\src\hotspot\share\interpreter\linkResolver.cpp, line 773]
Event: 4.812 Thread 0x0000019cd3e26910 Exception <a 'java/lang/NoSuchMethodError'{0x000000008a96a780}: 'java.lang.Object java.lang.invoke.DirectMethodHandle$Holder.invokeStaticInit(java.lang.Object, long, java.lang.Object)'> (0x000000008a96a780) 
thrown [s\src\hotspot\share\interpreter\linkResolver.cpp, line 773]
Event: 4.813 Thread 0x0000019cd3e26910 Exception <a 'java/lang/NoSuchMethodError'{0x000000008a9704d8}: 'java.lang.Object java.lang.invoke.DirectMethodHandle$Holder.newInvokeSpecial(java.lang.Object, long)'> (0x000000008a9704d8) 
thrown [s\src\hotspot\share\interpreter\linkResolver.cpp, line 773]
Event: 4.815 Thread 0x0000019cd3e26910 Exception <a 'java/lang/NoSuchMethodError'{0x000000008a97df98}: 'long java.lang.invoke.DirectMethodHandle$Holder.invokeInterface(java.lang.Object, java.lang.Object)'> (0x000000008a97df98) 
thrown [s\src\hotspot\share\interpreter\linkResolver.cpp, line 773]
Event: 4.815 Thread 0x0000019cd3e26910 Exception <a 'java/lang/NoSuchMethodError'{0x000000008a981ea8}: 'long java.lang.invoke.DelegatingMethodHandle$Holder.reinvoke_L(java.lang.Object, java.lang.Object)'> (0x000000008a981ea8) 
thrown [s\src\hotspot\share\interpreter\linkResolver.cpp, line 773]
Event: 4.859 Thread 0x0000019cd3e26910 Exception <a 'java/lang/NoSuchMethodError'{0x000000008a84f658}: 'void java.lang.invoke.DirectMethodHandle$Holder.invokeStatic(java.lang.Object, long)'> (0x000000008a84f658) 
thrown [s\src\hotspot\share\interpreter\linkResolver.cpp, line 773]

ZGC Phase Switch (0 events):
No events

VM Operations (20 events):
Event: 3.633 Executing VM operation: HandshakeAllThreads (Deoptimize)
Event: 3.633 Executing VM operation: HandshakeAllThreads (Deoptimize) done
Event: 3.639 Executing VM operation: ICBufferFull
Event: 3.639 Executing VM operation: ICBufferFull done
Event: 3.690 Executing VM operation: HandshakeAllThreads (Deoptimize)
Event: 3.690 Executing VM operation: HandshakeAllThreads (Deoptimize) done
Event: 3.690 Executing VM operation: HandshakeAllThreads (Deoptimize)
Event: 3.690 Executing VM operation: HandshakeAllThreads (Deoptimize) done
Event: 3.767 Executing VM operation: G1CollectForAllocation (G1 Evacuation Pause)
Event: 3.772 Executing VM operation: G1CollectForAllocation (G1 Evacuation Pause) done
Event: 3.922 Executing VM operation: HandshakeAllThreads (Deoptimize)
Event: 3.922 Executing VM operation: HandshakeAllThreads (Deoptimize) done
Event: 4.361 Executing VM operation: ICBufferFull
Event: 4.361 Executing VM operation: ICBufferFull done
Event: 4.499 Executing VM operation: HandshakeAllThreads (Deoptimize)
Event: 4.499 Executing VM operation: HandshakeAllThreads (Deoptimize) done
Event: 4.690 Executing VM operation: HandshakeAllThreads (Deoptimize)
Event: 4.690 Executing VM operation: HandshakeAllThreads (Deoptimize) done
Event: 4.839 Executing VM operation: HandshakeAllThreads (Deoptimize)
Event: 4.839 Executing VM operation: HandshakeAllThreads (Deoptimize) done

Events (14 events):
Event: 0.018 Thread 0x0000019cd3e26910 Thread added: 0x0000019cd3e26910
Event: 0.081 Thread 0x0000019ced8cef80 Thread added: 0x0000019ced8cef80
Event: 0.081 Thread 0x0000019ced8d0550 Thread added: 0x0000019ced8d0550
Event: 0.083 Thread 0x0000019ced8eb130 Thread added: 0x0000019ced8eb130
Event: 0.084 Thread 0x0000019ced8ec700 Thread added: 0x0000019ced8ec700
Event: 0.084 Thread 0x0000019ced8ed160 Thread added: 0x0000019ced8ed160
Event: 0.084 Thread 0x0000019ced8d6aa0 Thread added: 0x0000019ced8d6aa0
Event: 0.084 Thread 0x0000019ced8d8bb0 Thread added: 0x0000019ced8d8bb0
Event: 0.084 Thread 0x0000019ced8d9650 Thread added: 0x0000019ced8d9650
Event: 0.258 Thread 0x0000019ced7dc0a0 Thread added: 0x0000019ced7dc0a0
Event: 0.763 Thread 0x0000019cf2575420 Thread added: 0x0000019cf2575420
Event: 1.623 Thread 0x0000019cf65994a0 Thread added: 0x0000019cf65994a0
Event: 1.663 Thread 0x0000019cf6b69080 Thread added: 0x0000019cf6b69080
Event: 2.530 Thread 0x0000019cf6f5cd50 Thread added: 0x0000019cf6f5cd50


Dynamic libraries:
0x00007ff7f2900000 - 0x00007ff7f290e000 	C:\Users\bianc\OneDrive\햞ea de Trabalho\sts-4.24.0.RELEASE\plugins\org.eclipse.justj.openjdk.hotspot.jre.full.win32.x86_64_21.0.3.v20240426-1530\jre\bin\java.exe
0x00007ffcd6200000 - 0x00007ffcd6466000 	C:\WINDOWS\SYSTEM32\ntdll.dll
0x00007ffcd4df0000 - 0x00007ffcd4eb9000 	C:\WINDOWS\System32\KERNEL32.DLL
0x00007ffcd3620000 - 0x00007ffcd39ec000 	C:\WINDOWS\System32\KERNELBASE.dll
0x00007ffcd39f0000 - 0x00007ffcd3b3b000 	C:\WINDOWS\System32\ucrtbase.dll
0x00007ffccb6f0000 - 0x00007ffccb708000 	C:\Users\bianc\OneDrive\햞ea de Trabalho\sts-4.24.0.RELEASE\plugins\org.eclipse.justj.openjdk.hotspot.jre.full.win32.x86_64_21.0.3.v20240426-1530\jre\bin\jli.dll
0x00007ffca9fd0000 - 0x00007ffca9feb000 	C:\Users\bianc\OneDrive\햞ea de Trabalho\sts-4.24.0.RELEASE\plugins\org.eclipse.justj.openjdk.hotspot.jre.full.win32.x86_64_21.0.3.v20240426-1530\jre\bin\VCRUNTIME140.dll
0x00007ffcd47f0000 - 0x00007ffcd49ba000 	C:\WINDOWS\System32\USER32.dll
0x00007ffcd3c90000 - 0x00007ffcd3cb7000 	C:\WINDOWS\System32\win32u.dll
0x00007ffcb9440000 - 0x00007ffcb96da000 	C:\WINDOWS\WinSxS\amd64_microsoft.windows.common-controls_6595b64144ccf1df_6.0.26100.3912_none_3e07963ce335137e\COMCTL32.dll
0x00007ffcd57b0000 - 0x00007ffcd57db000 	C:\WINDOWS\System32\GDI32.dll
0x00007ffcd5c10000 - 0x00007ffcd5cb9000 	C:\WINDOWS\System32\msvcrt.dll
0x00007ffcd3430000 - 0x00007ffcd3562000 	C:\WINDOWS\System32\gdi32full.dll
0x00007ffcd3570000 - 0x00007ffcd3613000 	C:\WINDOWS\System32\msvcp_win.dll
0x00007ffcd3fc0000 - 0x00007ffcd3ff0000 	C:\WINDOWS\System32\IMM32.DLL
0x00007ffcbb100000 - 0x00007ffcbb10c000 	C:\Users\bianc\OneDrive\햞ea de Trabalho\sts-4.24.0.RELEASE\plugins\org.eclipse.justj.openjdk.hotspot.jre.full.win32.x86_64_21.0.3.v20240426-1530\jre\bin\vcruntime140_1.dll
0x00007ffca1400000 - 0x00007ffca148e000 	C:\Users\bianc\OneDrive\햞ea de Trabalho\sts-4.24.0.RELEASE\plugins\org.eclipse.justj.openjdk.hotspot.jre.full.win32.x86_64_21.0.3.v20240426-1530\jre\bin\msvcp140.dll
0x00007ffc61500000 - 0x00007ffc62282000 	C:\Users\bianc\OneDrive\햞ea de Trabalho\sts-4.24.0.RELEASE\plugins\org.eclipse.justj.openjdk.hotspot.jre.full.win32.x86_64_21.0.3.v20240426-1530\jre\bin\server\jvm.dll
0x00007ffcd5a20000 - 0x00007ffcd5ad2000 	C:\WINDOWS\System32\ADVAPI32.dll
0x00007ffcd4c20000 - 0x00007ffcd4cc6000 	C:\WINDOWS\System32\sechost.dll
0x00007ffcd4cd0000 - 0x00007ffcd4de6000 	C:\WINDOWS\System32\RPCRT4.dll
0x00007ffcd4f80000 - 0x00007ffcd4ff4000 	C:\WINDOWS\System32\WS2_32.dll
0x00007ffcd2c60000 - 0x00007ffcd2cbe000 	C:\WINDOWS\SYSTEM32\POWRPROF.dll
0x00007ffcc8030000 - 0x00007ffcc8066000 	C:\WINDOWS\SYSTEM32\WINMM.dll
0x00007ffcbe580000 - 0x00007ffcbe58b000 	C:\WINDOWS\SYSTEM32\VERSION.dll
0x00007ffcd2c40000 - 0x00007ffcd2c54000 	C:\WINDOWS\SYSTEM32\UMPDC.dll
0x00007ffcd2150000 - 0x00007ffcd216a000 	C:\WINDOWS\SYSTEM32\kernel.appcore.dll
0x00007ffccfc80000 - 0x00007ffccfc8a000 	C:\Users\bianc\OneDrive\햞ea de Trabalho\sts-4.24.0.RELEASE\plugins\org.eclipse.justj.openjdk.hotspot.jre.full.win32.x86_64_21.0.3.v20240426-1530\jre\bin\jimage.dll
0x00007ffcd0ac0000 - 0x00007ffcd0d01000 	C:\WINDOWS\SYSTEM32\DBGHELP.DLL
0x00007ffcd5e30000 - 0x00007ffcd61b4000 	C:\WINDOWS\System32\combase.dll
0x00007ffcd5b20000 - 0x00007ffcd5c00000 	C:\WINDOWS\System32\OLEAUT32.dll
0x00007ffcb0f90000 - 0x00007ffcb0fc9000 	C:\WINDOWS\SYSTEM32\dbgcore.DLL
0x00007ffcd3390000 - 0x00007ffcd3429000 	C:\WINDOWS\System32\bcryptPrimitives.dll
0x00007ffccfc70000 - 0x00007ffccfc7f000 	C:\Users\bianc\OneDrive\햞ea de Trabalho\sts-4.24.0.RELEASE\plugins\org.eclipse.justj.openjdk.hotspot.jre.full.win32.x86_64_21.0.3.v20240426-1530\jre\bin\instrument.dll
0x00007ffcabb90000 - 0x00007ffcabbaf000 	C:\Users\bianc\OneDrive\햞ea de Trabalho\sts-4.24.0.RELEASE\plugins\org.eclipse.justj.openjdk.hotspot.jre.full.win32.x86_64_21.0.3.v20240426-1530\jre\bin\java.dll
0x00007ffcabb70000 - 0x00007ffcabb88000 	C:\Users\bianc\OneDrive\햞ea de Trabalho\sts-4.24.0.RELEASE\plugins\org.eclipse.justj.openjdk.hotspot.jre.full.win32.x86_64_21.0.3.v20240426-1530\jre\bin\zip.dll
0x00007ffcd5000000 - 0x00007ffcd572d000 	C:\WINDOWS\System32\SHELL32.dll
0x00007ffcd3e40000 - 0x00007ffcd3fb4000 	C:\WINDOWS\System32\wintypes.dll
0x00007ffcd0e80000 - 0x00007ffcd16d6000 	C:\WINDOWS\SYSTEM32\windows.storage.dll
0x00007ffcd4060000 - 0x00007ffcd414f000 	C:\WINDOWS\System32\SHCORE.dll
0x00007ffcd4ec0000 - 0x00007ffcd4f29000 	C:\WINDOWS\System32\shlwapi.dll
0x00007ffcd32a0000 - 0x00007ffcd32cf000 	C:\WINDOWS\SYSTEM32\profapi.dll
0x00007ffccb290000 - 0x00007ffccb2a0000 	C:\Users\bianc\OneDrive\햞ea de Trabalho\sts-4.24.0.RELEASE\plugins\org.eclipse.justj.openjdk.hotspot.jre.full.win32.x86_64_21.0.3.v20240426-1530\jre\bin\net.dll
0x00007ffcc2d70000 - 0x00007ffcc2e8e000 	C:\WINDOWS\SYSTEM32\WINHTTP.dll
0x00007ffcd26c0000 - 0x00007ffcd272a000 	C:\WINDOWS\system32\mswsock.dll
0x00007ffca9ff0000 - 0x00007ffcaa006000 	C:\Users\bianc\OneDrive\햞ea de Trabalho\sts-4.24.0.RELEASE\plugins\org.eclipse.justj.openjdk.hotspot.jre.full.win32.x86_64_21.0.3.v20240426-1530\jre\bin\nio.dll
0x00007ffcbf4a0000 - 0x00007ffcbf4b0000 	C:\Users\bianc\OneDrive\햞ea de Trabalho\sts-4.24.0.RELEASE\plugins\org.eclipse.justj.openjdk.hotspot.jre.full.win32.x86_64_21.0.3.v20240426-1530\jre\bin\verify.dll
0x00007ffca84d0000 - 0x00007ffca84e8000 	C:\WINDOWS\system32\napinsp.dll
0x00007ffcd1c40000 - 0x00007ffcd1d67000 	C:\WINDOWS\SYSTEM32\DNSAPI.dll
0x00007ffcd1c00000 - 0x00007ffcd1c33000 	C:\WINDOWS\SYSTEM32\IPHLPAPI.DLL
0x00007ffcd4b10000 - 0x00007ffcd4b1a000 	C:\WINDOWS\System32\NSI.dll
0x00007ffca84b0000 - 0x00007ffca84c2000 	C:\WINDOWS\System32\winrnr.dll
0x00007ffca8470000 - 0x00007ffca84a0000 	C:\WINDOWS\system32\nlansp_c.dll
0x00007ffcc10a0000 - 0x00007ffcc10c0000 	C:\WINDOWS\system32\wshbth.dll
0x00007ffcc0710000 - 0x00007ffcc071b000 	C:\Windows\System32\rasadhlp.dll
0x00007ffcc3b40000 - 0x00007ffcc3bc6000 	C:\WINDOWS\System32\fwpuclnt.dll
0x00007ffcbafd0000 - 0x00007ffcbafda000 	C:\Users\bianc\OneDrive\햞ea de Trabalho\sts-4.24.0.RELEASE\plugins\org.eclipse.justj.openjdk.hotspot.jre.full.win32.x86_64_21.0.3.v20240426-1530\jre\bin\management.dll
0x00007ffcb8940000 - 0x00007ffcb894b000 	C:\Users\bianc\OneDrive\햞ea de Trabalho\sts-4.24.0.RELEASE\plugins\org.eclipse.justj.openjdk.hotspot.jre.full.win32.x86_64_21.0.3.v20240426-1530\jre\bin\management_ext.dll
0x00007ffcd5ae0000 - 0x00007ffcd5ae8000 	C:\WINDOWS\System32\PSAPI.DLL

dbghelp: loaded successfully - version: 4.0.5 - missing functions: none
symbol engine: initialized successfully - sym options: 0x614 - pdb path: .;C:\Users\bianc\OneDrive\햞ea de Trabalho\sts-4.24.0.RELEASE\plugins\org.eclipse.justj.openjdk.hotspot.jre.full.win32.x86_64_21.0.3.v20240426-1530\jre\bin;C:\WINDOWS\SYSTEM32;C:\WINDOWS\WinSxS\amd64_microsoft.windows.common-controls_6595b64144ccf1df_6.0.26100.3912_none_3e07963ce335137e;C:\Users\bianc\OneDrive\햞ea de Trabalho\sts-4.24.0.RELEASE\plugins\org.eclipse.justj.openjdk.hotspot.jre.full.win32.x86_64_21.0.3.v20240426-1530\jre\bin\server

VM Arguments:
jvm_args: -javaagent:C:\\Users\\bianc\\.m2\\repository\\org\\jacoco\\org.jacoco.agent\\0.8.10\\org.jacoco.agent-0.8.10-runtime.jar=destfile=C:\\Users\\bianc\\git\\PetShop-BackEnd\\target\\jacoco.exec 
java_command: C:\Users\bianc\AppData\Local\Temp\surefire15077588326762087173\surefirebooter-20250604205745360_3.jar C:\Users\bianc\AppData\Local\Temp\surefire15077588326762087173 2025-06-04T20-57-45_075-jvmRun1 surefire-20250604205745360_1tmp surefire_0-20250604205745360_2tmp
java_class_path (initial): C:\Users\bianc\AppData\Local\Temp\surefire15077588326762087173\surefirebooter-20250604205745360_3.jar
Launcher Type: SUN_STANDARD

[Global flags]
     intx CICompilerCount                          = 3                                         {product} {ergonomic}
     uint ConcGCThreads                            = 1                                         {product} {ergonomic}
     uint G1ConcRefinementThreads                  = 4                                         {product} {ergonomic}
   size_t G1HeapRegionSize                         = 1048576                                   {product} {ergonomic}
    uintx GCDrainStackTargetSize                   = 64                                        {product} {ergonomic}
   size_t InitialHeapSize                          = 130023424                                 {product} {ergonomic}
   size_t MarkStackSize                            = 4194304                                   {product} {ergonomic}
   size_t MaxHeapSize                              = 2067791872                                {product} {ergonomic}
   size_t MaxNewSize                               = 1240465408                                {product} {ergonomic}
   size_t MinHeapDeltaBytes                        = 1048576                                   {product} {ergonomic}
   size_t MinHeapSize                              = 8388608                                   {product} {ergonomic}
    uintx NonNMethodCodeHeapSize                   = 5832780                                {pd product} {ergonomic}
    uintx NonProfiledCodeHeapSize                  = 122912730                              {pd product} {ergonomic}
    uintx ProfiledCodeHeapSize                     = 122912730                              {pd product} {ergonomic}
    uintx ReservedCodeCacheSize                    = 251658240                              {pd product} {ergonomic}
     bool SegmentedCodeCache                       = true                                      {product} {ergonomic}
   size_t SoftMaxHeapSize                          = 2067791872                             {manageable} {ergonomic}
     bool UseCompressedOops                        = true                           {product lp64_product} {ergonomic}
     bool UseG1GC                                  = true                                      {product} {ergonomic}
     bool UseLargePagesIndividualAllocation        = false                                  {pd product} {ergonomic}

Logging:
Log output configuration:
 #0: stdout all=warning uptime,level,tags foldmultilines=false
 #1: stderr all=off uptime,level,tags foldmultilines=false

Environment Variables:
PATH=C:/Users/bianc/OneDrive/햞ea de Trabalho/sts-4.24.0.RELEASE//plugins/org.eclipse.justj.openjdk.hotspot.jre.full.win32.x86_64_21.0.3.v20240426-1530/jre/bin/server;C:/Users/bianc/OneDrive/햞ea de Trabalho/sts-4.24.0.RELEASE//plugins/org.eclipse.justj.openjdk.hotspot.jre.full.win32.x86_64_21.0.3.v20240426-1530/jre/bin;C:\Program Files\Common Files\Oracle\Java\javapath;C:\Program Files\Python38\Scripts\;C:\Program Files\Python38\;C:\WINDOWS\system32;C:\WINDOWS;C:\WINDOWS\System32\Wbem;C:\WINDOWS\System32\WindowsPowerShell\v1.0\;C:\WINDOWS\System32\OpenSSH\;C:\Program Files\Microsoft SQL Server\Client SDK\ODBC\170\Tools\Binn\;C:\Program Files (x86)\Microsoft SQL Server\150\Tools\Binn\;C:\Program Files\Microsoft SQL Server\150\Tools\Binn\;C:\Program Files\Microsoft SQL Server\150\DTS\Binn\;C:\Program Files\Git\cmd;C:\Program Files\nodejs\;C:\Users\bianc\AppData\Local\Programs\Python\Python312\Scripts\;C:\Users\bianc\AppData\Local\Programs\Python\Python312\;C:\Users\bianc\AppData\Local\Microsoft\WindowsApps;;C:\Users\bianc\AppData\Local\Programs\Microsoft VS Code\bin;C:\Users\bianc\AppData\Roaming\npm;C:\Users\bianc\OneDrive\햞ea de Trabalho\sts-4.24.0.RELEASE;
USERNAME=bianc
OS=Windows_NT
PROCESSOR_IDENTIFIER=Intel64 Family 6 Model 140 Stepping 1, GenuineIntel
TMP=C:\Users\bianc\AppData\Local\Temp
TEMP=C:\Users\bianc\AppData\Local\Temp




Periodic native trim disabled

---------------  S Y S T E M  ---------------

OS:
 Windows 11 , 64 bit Build 26100 (10.0.26100.3912)
OS uptime: 13 days 3:52 hours
Hyper-V role detected

CPU: total 4 (initial active 4) (2 cores per cpu, 2 threads per core) family 6 model 140 stepping 1 microcode 0xa4, cx8, cmov, fxsr, ht, mmx, 3dnowpref, sse, sse2, sse3, ssse3, sse4.1, sse4.2, popcnt, lzcnt, tsc, tscinvbit, avx, avx2, aes, erms, clmul, bmi1, bmi2, adx, avx512f, avx512dq, avx512cd, avx512bw, avx512vl, sha, fma, vzeroupper, avx512_vpopcntdq, avx512_vpclmulqdq, avx512_vaes, avx512_vnni, clflush, clflushopt, clwb, avx512_vbmi2, avx512_vbmi, hv, rdtscp, rdpid, fsrm, gfni, avx512_bitalg, f16c, cet_ibt, cet_ss, avx512_ifma
Processor Information for all 4 processors :
  Max Mhz: 2995, Current Mhz: 2995, Mhz Limit: 2995

Memory: 4k page, system-wide physical 7886M (594M free)
TotalPageFile size 16078M (AvailPageFile size 2M)
current process WorkingSet (physical memory assigned to process): 152M, peak: 156M
current process commit charge ("private bytes"): 258M, peak: 261M

vm_info: OpenJDK 64-Bit Server VM (21.0.3+9-LTS) for windows-amd64 JRE (21.0.3+9-LTS), built on 2024-04-16T00:00:00Z by "admin" with MS VC++ 17.7 (VS2022)

END.
