#
# There is insufficient memory for the Java Runtime Environment to continue.
# Native memory allocation (malloc) failed to allocate 1748752 bytes. Error detail: Chunk::new
# Possible reasons:
#   The system is out of physical RAM or swap space
#   This process is running with CompressedOops enabled, and the Java Heap may be blocking the growth of the native heap
# Possible solutions:
#   Reduce memory load on the system
#   Increase physical memory or swap space
#   Check if swap backing store is full
#   Decrease Java heap size (-Xmx/-Xms)
#   Decrease number of Java threads
#   Decrease Java thread stack sizes (-Xss)
#   Set larger code cache with -XX:ReservedCodeCacheSize=
#   JVM is running with Unscaled Compressed Oops mode in which the Java heap is
#     placed in the first 4GB address space. The Java Heap base address is the
#     maximum limit for the native heap growth. Please use -XX:HeapBaseMinAddress
#     to set the Java Heap base and to place the Java Heap above 4GB virtual address.
# This output file may be truncated or incomplete.
#
#  Out of Memory Error (arena.cpp:168), pid=17056, tid=26436
#
# JRE version: OpenJDK Runtime Environment Temurin-21.0.3+9 (21.0.3+9) (build 21.0.3+9-LTS)
# Java VM: OpenJDK 64-Bit Server VM Temurin-21.0.3+9 (21.0.3+9-LTS, mixed mode, tiered, compressed oops, compressed class ptrs, g1 gc, windows-amd64)
# No core dump will be written. Minidumps are not enabled by default on client versions of Windows
#

---------------  S U M M A R Y ------------

Command Line: -Dmaven.home=EMBEDDED -Dclassworlds.conf=C:\Users\bianc\Documents\workspace-spring-tool-suite-4-4.24.0.RELEASE\.metadata\.plugins\org.eclipse.m2e.launching\launches\m2conf2649820259239171393.tmp -Dmaven.multiModuleProjectDirectory=C:\Users\bianc\git\PetShop-BackEnd -Dm2e.build.project.data.socket.port=56673 -Dfile.encoding=UTF-8 -Dstdout.encoding=UTF-8 -Dstderr.encoding=UTF-8 -XX:+ShowCodeDetailsInExceptionMessages org.codehaus.plexus.classworlds.launcher.Launcher -B -Dstyle.color=always clean package

Host: 11th Gen Intel(R) Core(TM) i3-1115G4 @ 3.00GHz, 4 cores, 7G,  Windows 11 , 64 bit Build 26100 (10.0.26100.3912)
Time: Wed Jun  4 20:52:43 2025 Hora oficial do Brasil elapsed time: 15.049361 seconds (0d 0h 0m 15s)

---------------  T H R E A D  ---------------

Current thread (0x000001f9fed14510):  JavaThread "C2 CompilerThread0" daemon [_thread_in_native, id=26436, stack(0x0000006b17000000,0x0000006b17100000) (1024K)]


Current CompileTask:
C2:  15049 6788   !   4       jdk.internal.loader.BuiltinClassLoader::loadClassOrNull (143 bytes)

Stack: [0x0000006b17000000,0x0000006b17100000]
Native frames: (J=compiled Java code, j=interpreted, Vv=VM code, C=native code)
V  [jvm.dll+0x6c8699]
V  [jvm.dll+0x8a2061]
V  [jvm.dll+0x8a458e]
V  [jvm.dll+0x8a4c63]
V  [jvm.dll+0x27e476]
V  [jvm.dll+0xc4a1d]
V  [jvm.dll+0xc4f53]
V  [jvm.dll+0x3b265c]
V  [jvm.dll+0x1df899]
V  [jvm.dll+0x246b12]
V  [jvm.dll+0x245f9f]
V  [jvm.dll+0x1c6f4e]
V  [jvm.dll+0x255719]
V  [jvm.dll+0x253cba]
V  [jvm.dll+0x3ec1e6]
V  [jvm.dll+0x84bf8b]
V  [jvm.dll+0x6c6dcd]
C  [ucrtbase.dll+0x37b0]
C  [KERNEL32.DLL+0x2e8d7]
C  [ntdll.dll+0x9c5dc]


---------------  P R O C E S S  ---------------

Threads class SMR info:
_java_thread_list=0x000001f9886cf090, length=11, elements={
0x000001f9e53cfb80, 0x000001f9fed3c9f0, 0x000001f9fed06950, 0x000001f9fed088e0,
0x000001f9fed09430, 0x000001f9fed11d10, 0x000001f9fed13780, 0x000001f9fed14510,
0x000001f9fed9a2f0, 0x000001f9feecdf90, 0x000001f9feede020
}

Java Threads: ( => current thread )
  0x000001f9e53cfb80 JavaThread "main"                              [_thread_in_native, id=6624, stack(0x0000006b16200000,0x0000006b16300000) (1024K)]
  0x000001f9fed3c9f0 JavaThread "Reference Handler"          daemon [_thread_blocked, id=26544, stack(0x0000006b16a00000,0x0000006b16b00000) (1024K)]
  0x000001f9fed06950 JavaThread "Finalizer"                  daemon [_thread_blocked, id=17384, stack(0x0000006b16b00000,0x0000006b16c00000) (1024K)]
  0x000001f9fed088e0 JavaThread "Signal Dispatcher"          daemon [_thread_blocked, id=15484, stack(0x0000006b16c00000,0x0000006b16d00000) (1024K)]
  0x000001f9fed09430 JavaThread "Attach Listener"            daemon [_thread_blocked, id=18468, stack(0x0000006b16d00000,0x0000006b16e00000) (1024K)]
  0x000001f9fed11d10 JavaThread "Service Thread"             daemon [_thread_blocked, id=18376, stack(0x0000006b16e00000,0x0000006b16f00000) (1024K)]
  0x000001f9fed13780 JavaThread "Monitor Deflation Thread"   daemon [_thread_blocked, id=18640, stack(0x0000006b16f00000,0x0000006b17000000) (1024K)]
=>0x000001f9fed14510 JavaThread "C2 CompilerThread0"         daemon [_thread_in_native, id=26436, stack(0x0000006b17000000,0x0000006b17100000) (1024K)]
  0x000001f9fed9a2f0 JavaThread "C1 CompilerThread0"         daemon [_thread_blocked, id=3152, stack(0x0000006b17100000,0x0000006b17200000) (1024K)]
  0x000001f9feecdf90 JavaThread "Notification Thread"        daemon [_thread_blocked, id=25636, stack(0x0000006b17200000,0x0000006b17300000) (1024K)]
  0x000001f9feede020 JavaThread "Common-Cleaner"             daemon [_thread_blocked, id=22612, stack(0x0000006b17300000,0x0000006b17400000) (1024K)]
Total: 11

Other Threads:
  0x000001f9fec71a10 VMThread "VM Thread"                           [id=6568, stack(0x0000006b16900000,0x0000006b16a00000) (1024K)]
  0x000001f9fec1ea40 WatcherThread "VM Periodic Task Thread"        [id=6836, stack(0x0000006b16800000,0x0000006b16900000) (1024K)]
  0x000001f9e765acb0 WorkerThread "GC Thread#0"                     [id=14432, stack(0x0000006b16300000,0x0000006b16400000) (1024K)]
  0x000001f9fec71db0 WorkerThread "GC Thread#1"                     [id=19208, stack(0x0000006b17500000,0x0000006b17600000) (1024K)]
  0x000001f9fec712d0 WorkerThread "GC Thread#2"                     [id=7732, stack(0x0000006b17600000,0x0000006b17700000) (1024K)]
  0x000001f9fec72c30 WorkerThread "GC Thread#3"                     [id=12756, stack(0x0000006b17700000,0x0000006b17800000) (1024K)]
  0x000001f9e766d1c0 ConcurrentGCThread "G1 Main Marker"            [id=24940, stack(0x0000006b16400000,0x0000006b16500000) (1024K)]
  0x000001f9e766f020 WorkerThread "G1 Conc#0"                       [id=18492, stack(0x0000006b16500000,0x0000006b16600000) (1024K)]
  0x000001f9e76cd910 ConcurrentGCThread "G1 Refine#0"               [id=21660, stack(0x0000006b16600000,0x0000006b16700000) (1024K)]
  0x000001f9e76ce320 ConcurrentGCThread "G1 Service"                [id=4940, stack(0x0000006b16700000,0x0000006b16800000) (1024K)]
Total: 10

Threads with active compile tasks:
C2 CompilerThread0    15081 6788   !   4       jdk.internal.loader.BuiltinClassLoader::loadClassOrNull (143 bytes)
Total: 1

VM state: not at safepoint (normal execution)

VM Mutex/Monitor currently owned by a thread: None

Heap address: 0x0000000084c00000, size: 1972 MB, Compressed Oops mode: 32-bit

CDS archive(s) not mapped
Compressed class space mapped at: 0x0000000100000000-0x0000000140000000, reserved size: 1073741824
Narrow klass base: 0x0000000000000000, Narrow klass shift: 3, Narrow klass range: 0x140000000

GC Precious Log:
 CardTable entry size: 512
 Card Set container configuration: InlinePtr #cards 5 size 8 Array Of Cards #cards 12 size 40 Howl #buckets 4 coarsen threshold 1843 Howl Bitmap #cards 512 size 80 coarsen threshold 460 Card regions per heap region 1 cards per card region 2048
 CPUs: 4 total, 4 available
 Memory: 7886M
 Large Page Support: Disabled
 NUMA Support: Disabled
 Compressed Oops: Enabled (32-bit)
 Heap Region Size: 1M
 Heap Min Capacity: 8M
 Heap Initial Capacity: 124M
 Heap Max Capacity: 1972M
 Pre-touch: Disabled
 Parallel Workers: 4
 Concurrent Workers: 1
 Concurrent Refinement Workers: 4
 Periodic GC: Disabled

Heap:
 garbage-first heap   total 75776K, used 60873K [0x0000000084c00000, 0x0000000100000000)
  region size 1024K, 23 young (23552K), 4 survivors (4096K)
 Metaspace       used 40287K, committed 40640K, reserved 1114112K
  class space    used 4169K, committed 4288K, reserved 1048576K

Heap Regions: E=young(eden), S=young(survivor), O=old, HS=humongous(starts), HC=humongous(continues), CS=collection set, F=free, TAMS=top-at-mark-start, PB=parsable bottom
|   0|0x0000000084c00000, 0x0000000084d00000, 0x0000000084d00000|100%| O|  |TAMS 0x0000000084c00000| PB 0x0000000084c00000| Untracked 
|   1|0x0000000084d00000, 0x0000000084e00000, 0x0000000084e00000|100%| O|  |TAMS 0x0000000084d00000| PB 0x0000000084d00000| Untracked 
|   2|0x0000000084e00000, 0x0000000084f00000, 0x0000000084f00000|100%| O|  |TAMS 0x0000000084e00000| PB 0x0000000084e00000| Untracked 
|   3|0x0000000084f00000, 0x0000000085000000, 0x0000000085000000|100%| O|  |TAMS 0x0000000084f00000| PB 0x0000000084f00000| Untracked 
|   4|0x0000000085000000, 0x0000000085100000, 0x0000000085100000|100%| O|  |TAMS 0x0000000085000000| PB 0x0000000085000000| Untracked 
|   5|0x0000000085100000, 0x0000000085200000, 0x0000000085200000|100%| O|  |TAMS 0x0000000085100000| PB 0x0000000085100000| Untracked 
|   6|0x0000000085200000, 0x0000000085300000, 0x0000000085300000|100%| O|  |TAMS 0x0000000085200000| PB 0x0000000085200000| Untracked 
|   7|0x0000000085300000, 0x0000000085400000, 0x0000000085400000|100%| O|  |TAMS 0x0000000085300000| PB 0x0000000085300000| Untracked 
|   8|0x0000000085400000, 0x0000000085500000, 0x0000000085500000|100%| O|  |TAMS 0x0000000085400000| PB 0x0000000085400000| Untracked 
|   9|0x0000000085500000, 0x0000000085600000, 0x0000000085600000|100%| O|  |TAMS 0x0000000085500000| PB 0x0000000085500000| Untracked 
|  10|0x0000000085600000, 0x0000000085700000, 0x0000000085700000|100%| O|  |TAMS 0x0000000085600000| PB 0x0000000085600000| Untracked 
|  11|0x0000000085700000, 0x0000000085800000, 0x0000000085800000|100%| O|  |TAMS 0x0000000085700000| PB 0x0000000085700000| Untracked 
|  12|0x0000000085800000, 0x0000000085900000, 0x0000000085900000|100%| O|  |TAMS 0x0000000085800000| PB 0x0000000085800000| Untracked 
|  13|0x0000000085900000, 0x0000000085a00000, 0x0000000085a00000|100%| O|  |TAMS 0x0000000085900000| PB 0x0000000085900000| Untracked 
|  14|0x0000000085a00000, 0x0000000085b00000, 0x0000000085b00000|100%| O|  |TAMS 0x0000000085a00000| PB 0x0000000085a00000| Untracked 
|  15|0x0000000085b00000, 0x0000000085c00000, 0x0000000085c00000|100%| O|  |TAMS 0x0000000085b00000| PB 0x0000000085b00000| Untracked 
|  16|0x0000000085c00000, 0x0000000085d00000, 0x0000000085d00000|100%| O|  |TAMS 0x0000000085c00000| PB 0x0000000085c00000| Untracked 
|  17|0x0000000085d00000, 0x0000000085e00000, 0x0000000085e00000|100%|HS|  |TAMS 0x0000000085d00000| PB 0x0000000085d00000| Complete 
|  18|0x0000000085e00000, 0x0000000085f00000, 0x0000000085f00000|100%|HS|  |TAMS 0x0000000085e00000| PB 0x0000000085e00000| Complete 
|  19|0x0000000085f00000, 0x0000000086000000, 0x0000000086000000|100%|HS|  |TAMS 0x0000000085f00000| PB 0x0000000085f00000| Complete 
|  20|0x0000000086000000, 0x0000000086100000, 0x0000000086100000|100%|HC|  |TAMS 0x0000000086000000| PB 0x0000000086000000| Complete 
|  21|0x0000000086100000, 0x0000000086100000, 0x0000000086200000|  0%| F|  |TAMS 0x0000000086100000| PB 0x0000000086100000| Untracked 
|  22|0x0000000086200000, 0x0000000086300000, 0x0000000086300000|100%| O|  |TAMS 0x0000000086200000| PB 0x0000000086200000| Untracked 
|  23|0x0000000086300000, 0x0000000086400000, 0x0000000086400000|100%| O|  |TAMS 0x0000000086300000| PB 0x0000000086300000| Untracked 
|  24|0x0000000086400000, 0x0000000086500000, 0x0000000086500000|100%| O|  |TAMS 0x0000000086400000| PB 0x0000000086400000| Untracked 
|  25|0x0000000086500000, 0x0000000086600000, 0x0000000086600000|100%| O|  |TAMS 0x0000000086500000| PB 0x0000000086500000| Untracked 
|  26|0x0000000086600000, 0x0000000086700000, 0x0000000086700000|100%| O|  |TAMS 0x0000000086600000| PB 0x0000000086600000| Untracked 
|  27|0x0000000086700000, 0x0000000086800000, 0x0000000086800000|100%| O|  |TAMS 0x0000000086700000| PB 0x0000000086700000| Untracked 
|  28|0x0000000086800000, 0x0000000086900000, 0x0000000086900000|100%| O|  |TAMS 0x0000000086800000| PB 0x0000000086800000| Untracked 
|  29|0x0000000086900000, 0x0000000086a00000, 0x0000000086a00000|100%| O|  |TAMS 0x0000000086900000| PB 0x0000000086900000| Untracked 
|  30|0x0000000086a00000, 0x0000000086b00000, 0x0000000086b00000|100%| O|  |TAMS 0x0000000086a00000| PB 0x0000000086a00000| Untracked 
|  31|0x0000000086b00000, 0x0000000086c00000, 0x0000000086c00000|100%| O|  |TAMS 0x0000000086b00000| PB 0x0000000086b00000| Untracked 
|  32|0x0000000086c00000, 0x0000000086d00000, 0x0000000086d00000|100%| O|  |TAMS 0x0000000086c00000| PB 0x0000000086c00000| Untracked 
|  33|0x0000000086d00000, 0x0000000086e00000, 0x0000000086e00000|100%| O|  |TAMS 0x0000000086d00000| PB 0x0000000086d00000| Untracked 
|  34|0x0000000086e00000, 0x0000000086f00000, 0x0000000086f00000|100%| O|  |TAMS 0x0000000086e00000| PB 0x0000000086e00000| Untracked 
|  35|0x0000000086f00000, 0x0000000087000000, 0x0000000087000000|100%| O|  |TAMS 0x0000000086f00000| PB 0x0000000086f00000| Untracked 
|  36|0x0000000087000000, 0x0000000087000000, 0x0000000087100000|  0%| F|  |TAMS 0x0000000087000000| PB 0x0000000087000000| Untracked 
|  37|0x0000000087100000, 0x0000000087100000, 0x0000000087200000|  0%| F|  |TAMS 0x0000000087100000| PB 0x0000000087100000| Untracked 
|  38|0x0000000087200000, 0x0000000087200000, 0x0000000087300000|  0%| F|  |TAMS 0x0000000087200000| PB 0x0000000087200000| Untracked 
|  39|0x0000000087300000, 0x0000000087300000, 0x0000000087400000|  0%| F|  |TAMS 0x0000000087300000| PB 0x0000000087300000| Untracked 
|  40|0x0000000087400000, 0x0000000087400000, 0x0000000087500000|  0%| F|  |TAMS 0x0000000087400000| PB 0x0000000087400000| Untracked 
|  41|0x0000000087500000, 0x0000000087600000, 0x0000000087600000|100%| O|  |TAMS 0x0000000087500000| PB 0x0000000087500000| Untracked 
|  42|0x0000000087600000, 0x0000000087700000, 0x0000000087700000|100%| O|  |TAMS 0x0000000087600000| PB 0x0000000087600000| Untracked 
|  43|0x0000000087700000, 0x0000000087800000, 0x0000000087800000|100%| O|  |TAMS 0x0000000087700000| PB 0x0000000087700000| Untracked 
|  44|0x0000000087800000, 0x0000000087872538, 0x0000000087900000| 44%| O|  |TAMS 0x0000000087800000| PB 0x0000000087800000| Untracked 
|  45|0x0000000087900000, 0x0000000087900000, 0x0000000087a00000|  0%| F|  |TAMS 0x0000000087900000| PB 0x0000000087900000| Untracked 
|  46|0x0000000087a00000, 0x0000000087a00000, 0x0000000087b00000|  0%| F|  |TAMS 0x0000000087a00000| PB 0x0000000087a00000| Untracked 
|  47|0x0000000087b00000, 0x0000000087b00000, 0x0000000087c00000|  0%| F|  |TAMS 0x0000000087b00000| PB 0x0000000087b00000| Untracked 
|  48|0x0000000087c00000, 0x0000000087d00000, 0x0000000087d00000|100%| S|CS|TAMS 0x0000000087c00000| PB 0x0000000087c00000| Complete 
|  49|0x0000000087d00000, 0x0000000087e00000, 0x0000000087e00000|100%| S|CS|TAMS 0x0000000087d00000| PB 0x0000000087d00000| Complete 
|  50|0x0000000087e00000, 0x0000000087f00000, 0x0000000087f00000|100%| S|CS|TAMS 0x0000000087e00000| PB 0x0000000087e00000| Complete 
|  51|0x0000000087f00000, 0x0000000088000000, 0x0000000088000000|100%| S|CS|TAMS 0x0000000087f00000| PB 0x0000000087f00000| Complete 
|  52|0x0000000088000000, 0x0000000088000000, 0x0000000088100000|  0%| F|  |TAMS 0x0000000088000000| PB 0x0000000088000000| Untracked 
|  53|0x0000000088100000, 0x0000000088100000, 0x0000000088200000|  0%| F|  |TAMS 0x0000000088100000| PB 0x0000000088100000| Untracked 
|  54|0x0000000088200000, 0x0000000088200000, 0x0000000088300000|  0%| F|  |TAMS 0x0000000088200000| PB 0x0000000088200000| Untracked 
|  55|0x0000000088300000, 0x0000000088375c40, 0x0000000088400000| 46%| E|  |TAMS 0x0000000088300000| PB 0x0000000088300000| Complete 
|  56|0x0000000088400000, 0x0000000088500000, 0x0000000088500000|100%| E|CS|TAMS 0x0000000088400000| PB 0x0000000088400000| Complete 
|  57|0x0000000088500000, 0x0000000088600000, 0x0000000088600000|100%| E|CS|TAMS 0x0000000088500000| PB 0x0000000088500000| Complete 
|  58|0x0000000088600000, 0x0000000088700000, 0x0000000088700000|100%| E|CS|TAMS 0x0000000088600000| PB 0x0000000088600000| Complete 
|  59|0x0000000088700000, 0x0000000088800000, 0x0000000088800000|100%| E|  |TAMS 0x0000000088700000| PB 0x0000000088700000| Complete 
|  60|0x0000000088800000, 0x0000000088900000, 0x0000000088900000|100%| E|CS|TAMS 0x0000000088800000| PB 0x0000000088800000| Complete 
|  61|0x0000000088900000, 0x0000000088a00000, 0x0000000088a00000|100%| E|CS|TAMS 0x0000000088900000| PB 0x0000000088900000| Complete 
|  62|0x0000000088a00000, 0x0000000088b00000, 0x0000000088b00000|100%| E|CS|TAMS 0x0000000088a00000| PB 0x0000000088a00000| Complete 
|  63|0x0000000088b00000, 0x0000000088c00000, 0x0000000088c00000|100%| E|CS|TAMS 0x0000000088b00000| PB 0x0000000088b00000| Complete 
|  64|0x0000000088c00000, 0x0000000088d00000, 0x0000000088d00000|100%| E|CS|TAMS 0x0000000088c00000| PB 0x0000000088c00000| Complete 
|  65|0x0000000088d00000, 0x0000000088e00000, 0x0000000088e00000|100%| E|CS|TAMS 0x0000000088d00000| PB 0x0000000088d00000| Complete 
|  66|0x0000000088e00000, 0x0000000088f00000, 0x0000000088f00000|100%| E|CS|TAMS 0x0000000088e00000| PB 0x0000000088e00000| Complete 
|  67|0x0000000088f00000, 0x0000000089000000, 0x0000000089000000|100%| E|CS|TAMS 0x0000000088f00000| PB 0x0000000088f00000| Complete 
|  68|0x0000000089000000, 0x0000000089100000, 0x0000000089100000|100%| E|CS|TAMS 0x0000000089000000| PB 0x0000000089000000| Complete 
|  69|0x0000000089100000, 0x0000000089200000, 0x0000000089200000|100%| E|CS|TAMS 0x0000000089100000| PB 0x0000000089100000| Complete 
|  70|0x0000000089200000, 0x0000000089300000, 0x0000000089300000|100%| E|CS|TAMS 0x0000000089200000| PB 0x0000000089200000| Complete 
|  95|0x000000008ab00000, 0x000000008ac00000, 0x000000008ac00000|100%| E|CS|TAMS 0x000000008ab00000| PB 0x000000008ab00000| Complete 
|  96|0x000000008ac00000, 0x000000008ad00000, 0x000000008ad00000|100%| E|CS|TAMS 0x000000008ac00000| PB 0x000000008ac00000| Complete 
| 123|0x000000008c700000, 0x000000008c800000, 0x000000008c800000|100%| E|CS|TAMS 0x000000008c700000| PB 0x000000008c700000| Complete 

Card table byte_map: [0x000001f9fa4f0000,0x000001f9fa8d0000] _byte_map_base: 0x000001f9fa0ca000

Marking Bits: (CMBitMap*) 0x000001f9e765d260
 Bits: [0x000001f9fa8d0000, 0x000001f9fc7a0000)

Polling page: 0x000001f9e5710000

Metaspace:

Usage:
  Non-class:     35.29 MB used.
      Class:      4.07 MB used.
       Both:     39.36 MB used.

Virtual space:
  Non-class space:       64.00 MB reserved,      35.50 MB ( 55%) committed,  1 nodes.
      Class space:        1.00 GB reserved,       4.19 MB ( <1%) committed,  1 nodes.
             Both:        1.06 GB reserved,      39.69 MB (  4%) committed. 

Chunk freelists:
   Non-Class:  12.14 MB
       Class:  11.75 MB
        Both:  23.89 MB

MaxMetaspaceSize: unlimited
CompressedClassSpaceSize: 1.00 GB
Initial GC threshold: 21.00 MB
Current GC threshold: 58.88 MB
CDS: off
 - commit_granule_bytes: 65536.
 - commit_granule_words: 8192.
 - virtual_space_node_default_size: 8388608.
 - enlarge_chunks_in_place: 1.
 - use_allocation_guard: 0.


Internal statistics:

num_allocs_failed_limit: 6.
num_arena_births: 276.
num_arena_deaths: 0.
num_vsnodes_births: 2.
num_vsnodes_deaths: 0.
num_space_committed: 635.
num_space_uncommitted: 0.
num_chunks_returned_to_freelist: 6.
num_chunks_taken_from_freelist: 1337.
num_chunk_merges: 6.
num_chunk_splits: 933.
num_chunks_enlarged: 741.
num_inconsistent_stats: 0.

CodeHeap 'non-profiled nmethods': size=120000Kb used=3625Kb max_used=3625Kb free=116374Kb
 bounds [0x000001f9f2be0000, 0x000001f9f2f70000, 0x000001f9fa110000]
CodeHeap 'profiled nmethods': size=120000Kb used=14575Kb max_used=14575Kb free=105424Kb
 bounds [0x000001f9eb110000, 0x000001f9ebf50000, 0x000001f9f2640000]
CodeHeap 'non-nmethods': size=5760Kb used=1615Kb max_used=1655Kb free=4144Kb
 bounds [0x000001f9f2640000, 0x000001f9f28b0000, 0x000001f9f2be0000]
 total_blobs=7133 nmethods=6586 adapters=451
 compilation: enabled
              stopped_count=0, restarted_count=0
 full_count=0

Compilation events (20 events):
Event: 14.910 Thread 0x000001f9fed9a2f0 6814       3       java.net.URI$Parser::parseHierarchical (178 bytes)
Event: 14.912 Thread 0x000001f9fed9a2f0 nmethod 6814 0x000001f9ebf43f10 code [0x000001f9ebf44320, 0x000001f9ebf45e70]
Event: 14.914 Thread 0x000001f989a5f8c0 6815       4       jdk.internal.jimage.ImageStringsReader::match (11 bytes)
Event: 14.914 Thread 0x000001f9fed9a2f0 6816       1       java.net.URI::getRawAuthority (5 bytes)
Event: 14.915 Thread 0x000001f9fed9a2f0 nmethod 6816 0x000001f9f2f67e10 code [0x000001f9f2f67fa0, 0x000001f9f2f68068]
Event: 14.915 Thread 0x000001f9fed9a2f0 6817       1       java.net.URI::getRawFragment (5 bytes)
Event: 14.915 Thread 0x000001f9fed9a2f0 nmethod 6817 0x000001f9f2f68110 code [0x000001f9f2f682a0, 0x000001f9f2f68368]
Event: 14.915 Thread 0x000001f9fed9a2f0 6818       1       java.net.URI::getRawQuery (5 bytes)
Event: 14.915 Thread 0x000001f9fed9a2f0 nmethod 6818 0x000001f9f2f68410 code [0x000001f9f2f685a0, 0x000001f9f2f68668]
Event: 14.915 Thread 0x000001f9fed9a2f0 6819       1       java.net.URI::getRawPath (5 bytes)
Event: 14.915 Thread 0x000001f9fed9a2f0 nmethod 6819 0x000001f9f2f68710 code [0x000001f9f2f688a0, 0x000001f9f2f68968]
Event: 14.919 Thread 0x000001f989a5f8c0 nmethod 6815 0x000001f9f2f68a10 code [0x000001f9f2f68be0, 0x000001f9f2f69068]
Event: 14.922 Thread 0x000001f9fed9a2f0 6820       1       java.lang.ClassLoader::findResource (2 bytes)
Event: 14.923 Thread 0x000001f9fed9a2f0 nmethod 6820 0x000001f9f2f69510 code [0x000001f9f2f696a0, 0x000001f9f2f69770]
Event: 14.923 Thread 0x000001f9fed9a2f0 6821       1       java.net.URI::getPort (5 bytes)
Event: 14.923 Thread 0x000001f9fed9a2f0 nmethod 6821 0x000001f9f2f69810 code [0x000001f9f2f699a0, 0x000001f9f2f69a68]
Event: 14.925 Thread 0x000001f9fed9a2f0 6822       3       java.lang.Class::searchFields (43 bytes)
Event: 14.926 Thread 0x000001f9fed9a2f0 nmethod 6822 0x000001f9ebf46990 code [0x000001f9ebf46b60, 0x000001f9ebf46e00]
Event: 14.926 Thread 0x000001f9fed9a2f0 6823       3       jdk.internal.reflect.FieldAccessorImpl::<init> (10 bytes)
Event: 15.047 Thread 0x000001f9fed9a2f0 nmethod 6823 0x000001f9ebf46f90 code [0x000001f9ebf47140, 0x000001f9ebf47360]

GC Heap History (20 events):
Event: 4.112 GC heap before
{Heap before GC invocations=5 (full 0):
 garbage-first heap   total 24576K, used 17556K [0x0000000084c00000, 0x0000000100000000)
  region size 1024K, 12 young (12288K), 2 survivors (2048K)
 Metaspace       used 25953K, committed 26240K, reserved 1114112K
  class space    used 2731K, committed 2880K, reserved 1048576K
}
Event: 4.119 GC heap after
{Heap after GC invocations=6 (full 0):
 garbage-first heap   total 24576K, used 8321K [0x0000000084c00000, 0x0000000100000000)
  region size 1024K, 2 young (2048K), 2 survivors (2048K)
 Metaspace       used 25953K, committed 26240K, reserved 1114112K
  class space    used 2731K, committed 2880K, reserved 1048576K
}
Event: 4.456 GC heap before
{Heap before GC invocations=6 (full 0):
 garbage-first heap   total 24576K, used 18561K [0x0000000084c00000, 0x0000000100000000)
  region size 1024K, 12 young (12288K), 2 survivors (2048K)
 Metaspace       used 27194K, committed 27456K, reserved 1114112K
  class space    used 2844K, committed 2944K, reserved 1048576K
}
Event: 4.462 GC heap after
{Heap after GC invocations=7 (full 0):
 garbage-first heap   total 24576K, used 9913K [0x0000000084c00000, 0x0000000100000000)
  region size 1024K, 2 young (2048K), 2 survivors (2048K)
 Metaspace       used 27194K, committed 27456K, reserved 1114112K
  class space    used 2844K, committed 2944K, reserved 1048576K
}
Event: 4.669 GC heap before
{Heap before GC invocations=7 (full 0):
 garbage-first heap   total 24576K, used 19129K [0x0000000084c00000, 0x0000000100000000)
  region size 1024K, 11 young (11264K), 2 survivors (2048K)
 Metaspace       used 27370K, committed 27648K, reserved 1114112K
  class space    used 2846K, committed 2944K, reserved 1048576K
}
Event: 4.675 GC heap after
{Heap after GC invocations=8 (full 0):
 garbage-first heap   total 24576K, used 11111K [0x0000000084c00000, 0x0000000100000000)
  region size 1024K, 2 young (2048K), 2 survivors (2048K)
 Metaspace       used 27370K, committed 27648K, reserved 1114112K
  class space    used 2846K, committed 2944K, reserved 1048576K
}
Event: 4.938 GC heap before
{Heap before GC invocations=8 (full 0):
 garbage-first heap   total 24576K, used 19303K [0x0000000084c00000, 0x0000000100000000)
  region size 1024K, 10 young (10240K), 2 survivors (2048K)
 Metaspace       used 27785K, committed 28032K, reserved 1114112K
  class space    used 2890K, committed 3008K, reserved 1048576K
}
Event: 4.943 GC heap after
{Heap after GC invocations=9 (full 0):
 garbage-first heap   total 75776K, used 12277K [0x0000000084c00000, 0x0000000100000000)
  region size 1024K, 2 young (2048K), 2 survivors (2048K)
 Metaspace       used 27785K, committed 28032K, reserved 1114112K
  class space    used 2890K, committed 3008K, reserved 1048576K
}
Event: 6.557 GC heap before
{Heap before GC invocations=9 (full 0):
 garbage-first heap   total 75776K, used 55285K [0x0000000084c00000, 0x0000000100000000)
  region size 1024K, 44 young (45056K), 2 survivors (2048K)
 Metaspace       used 28266K, committed 28544K, reserved 1114112K
  class space    used 2918K, committed 3008K, reserved 1048576K
}
Event: 6.569 GC heap after
{Heap after GC invocations=10 (full 0):
 garbage-first heap   total 75776K, used 16445K [0x0000000084c00000, 0x0000000100000000)
  region size 1024K, 6 young (6144K), 6 survivors (6144K)
 Metaspace       used 28266K, committed 28544K, reserved 1114112K
  class space    used 2918K, committed 3008K, reserved 1048576K
}
Event: 8.324 GC heap before
{Heap before GC invocations=10 (full 0):
 garbage-first heap   total 75776K, used 55357K [0x0000000084c00000, 0x0000000100000000)
  region size 1024K, 44 young (45056K), 6 survivors (6144K)
 Metaspace       used 29553K, committed 29824K, reserved 1114112K
  class space    used 3030K, committed 3136K, reserved 1048576K
}
Event: 8.335 GC heap after
{Heap after GC invocations=11 (full 0):
 garbage-first heap   total 75776K, used 18181K [0x0000000084c00000, 0x0000000100000000)
  region size 1024K, 3 young (3072K), 3 survivors (3072K)
 Metaspace       used 29553K, committed 29824K, reserved 1114112K
  class space    used 3030K, committed 3136K, reserved 1048576K
}
Event: 10.368 GC heap before
{Heap before GC invocations=11 (full 0):
 garbage-first heap   total 75776K, used 65285K [0x0000000084c00000, 0x0000000100000000)
  region size 1024K, 44 young (45056K), 3 survivors (3072K)
 Metaspace       used 32906K, committed 33280K, reserved 1114112K
  class space    used 3393K, committed 3584K, reserved 1048576K
}
Event: 10.382 GC heap after
{Heap after GC invocations=12 (full 0):
 garbage-first heap   total 75776K, used 27408K [0x0000000084c00000, 0x0000000100000000)
  region size 1024K, 6 young (6144K), 6 survivors (6144K)
 Metaspace       used 32906K, committed 33280K, reserved 1114112K
  class space    used 3393K, committed 3584K, reserved 1048576K
}
Event: 10.848 GC heap before
{Heap before GC invocations=12 (full 0):
 garbage-first heap   total 75776K, used 38672K [0x0000000084c00000, 0x0000000100000000)
  region size 1024K, 19 young (19456K), 6 survivors (6144K)
 Metaspace       used 35761K, committed 36096K, reserved 1114112K
  class space    used 3765K, committed 3904K, reserved 1048576K
}
Event: 10.859 GC heap after
{Heap after GC invocations=13 (full 0):
 garbage-first heap   total 75776K, used 28736K [0x0000000084c00000, 0x0000000100000000)
  region size 1024K, 2 young (2048K), 2 survivors (2048K)
 Metaspace       used 35761K, committed 36096K, reserved 1114112K
  class space    used 3765K, committed 3904K, reserved 1048576K
}
Event: 12.950 GC heap before
{Heap before GC invocations=14 (full 0):
 garbage-first heap   total 75776K, used 59456K [0x0000000084c00000, 0x0000000100000000)
  region size 1024K, 33 young (33792K), 2 survivors (2048K)
 Metaspace       used 38714K, committed 39104K, reserved 1114112K
  class space    used 4046K, committed 4224K, reserved 1048576K
}
Event: 12.961 GC heap after
{Heap after GC invocations=15 (full 0):
 garbage-first heap   total 75776K, used 37819K [0x0000000084c00000, 0x0000000100000000)
  region size 1024K, 5 young (5120K), 5 survivors (5120K)
 Metaspace       used 38714K, committed 39104K, reserved 1114112K
  class space    used 4046K, committed 4224K, reserved 1048576K
}
Event: 13.587 GC heap before
{Heap before GC invocations=15 (full 0):
 garbage-first heap   total 75776K, used 60347K [0x0000000084c00000, 0x0000000100000000)
  region size 1024K, 27 young (27648K), 5 survivors (5120K)
 Metaspace       used 39287K, committed 39616K, reserved 1114112K
  class space    used 4105K, committed 4224K, reserved 1048576K
}
Event: 13.601 GC heap after
{Heap after GC invocations=16 (full 0):
 garbage-first heap   total 75776K, used 43465K [0x0000000084c00000, 0x0000000100000000)
  region size 1024K, 4 young (4096K), 4 survivors (4096K)
 Metaspace       used 39287K, committed 39616K, reserved 1114112K
  class space    used 4105K, committed 4224K, reserved 1048576K
}

Dll operation events (9 events):
Event: 0.015 Loaded shared library C:\Users\bianc\OneDrive\햞ea de Trabalho\sts-4.24.0.RELEASE\plugins\org.eclipse.justj.openjdk.hotspot.jre.full.win32.x86_64_21.0.3.v20240426-1530\jre\bin\java.dll
Event: 0.025 Loaded shared library C:\Users\bianc\OneDrive\햞ea de Trabalho\sts-4.24.0.RELEASE\plugins\org.eclipse.justj.openjdk.hotspot.jre.full.win32.x86_64_21.0.3.v20240426-1530\jre\bin\zip.dll
Event: 0.242 Loaded shared library C:\Users\bianc\OneDrive\햞ea de Trabalho\sts-4.24.0.RELEASE\plugins\org.eclipse.justj.openjdk.hotspot.jre.full.win32.x86_64_21.0.3.v20240426-1530\jre\bin\net.dll
Event: 0.245 Loaded shared library C:\Users\bianc\OneDrive\햞ea de Trabalho\sts-4.24.0.RELEASE\plugins\org.eclipse.justj.openjdk.hotspot.jre.full.win32.x86_64_21.0.3.v20240426-1530\jre\bin\nio.dll
Event: 0.256 Loaded shared library C:\Users\bianc\OneDrive\햞ea de Trabalho\sts-4.24.0.RELEASE\plugins\org.eclipse.justj.openjdk.hotspot.jre.full.win32.x86_64_21.0.3.v20240426-1530\jre\bin\zip.dll
Event: 0.471 Loaded shared library C:\Users\bianc\OneDrive\햞ea de Trabalho\sts-4.24.0.RELEASE\plugins\org.eclipse.justj.openjdk.hotspot.jre.full.win32.x86_64_21.0.3.v20240426-1530\jre\bin\jimage.dll
Event: 0.783 Loaded shared library C:\Users\bianc\AppData\Local\Temp\jansi-2.4.1-a47c2d29c69f63cd-jansi.dll
Event: 3.027 Loaded shared library C:\Users\bianc\OneDrive\햞ea de Trabalho\sts-4.24.0.RELEASE\plugins\org.eclipse.justj.openjdk.hotspot.jre.full.win32.x86_64_21.0.3.v20240426-1530\jre\bin\verify.dll
Event: 3.867 Loaded shared library C:\Users\bianc\OneDrive\햞ea de Trabalho\sts-4.24.0.RELEASE\plugins\org.eclipse.justj.openjdk.hotspot.jre.full.win32.x86_64_21.0.3.v20240426-1530\jre\bin\extnet.dll

Deoptimization events (20 events):
Event: 13.367 Thread 0x000001f9e53cfb80 DEOPT PACKING pc=0x000001f9f2edffd8 sp=0x0000006b162fc9c0
Event: 13.367 Thread 0x000001f9e53cfb80 DEOPT UNPACKING pc=0x000001f9f2697da2 sp=0x0000006b162fc968 mode 2
Event: 13.482 Thread 0x000001f9e53cfb80 Uncommon trap: trap_request=0xffffff45 fr.pc=0x000001f9f2ee168c relative=0x000000000000006c
Event: 13.482 Thread 0x000001f9e53cfb80 Uncommon trap: reason=unstable_if action=reinterpret pc=0x000001f9f2ee168c method=com.sun.tools.javac.jvm.PoolReader.sizeof(I)I @ 1 c2
Event: 13.482 Thread 0x000001f9e53cfb80 DEOPT PACKING pc=0x000001f9f2ee168c sp=0x0000006b162fcf30
Event: 13.482 Thread 0x000001f9e53cfb80 DEOPT UNPACKING pc=0x000001f9f2697da2 sp=0x0000006b162fcec0 mode 2
Event: 13.565 Thread 0x000001f9e53cfb80 Uncommon trap: trap_request=0xffffff45 fr.pc=0x000001f9f2efb7a8 relative=0x00000000000012c8
Event: 13.565 Thread 0x000001f9e53cfb80 Uncommon trap: reason=unstable_if action=reinterpret pc=0x000001f9f2efb7a8 method=java.time.LocalDate.create(III)Ljava/time/LocalDate; @ 7 c2
Event: 13.565 Thread 0x000001f9e53cfb80 DEOPT PACKING pc=0x000001f9f2efb7a8 sp=0x0000006b162faa40
Event: 13.565 Thread 0x000001f9e53cfb80 DEOPT UNPACKING pc=0x000001f9f2697da2 sp=0x0000006b162fa738 mode 2
Event: 13.686 Thread 0x000001f9e53cfb80 DEOPT PACKING pc=0x000001f9eb3a4dfe sp=0x0000006b162fc6f0
Event: 13.686 Thread 0x000001f9e53cfb80 DEOPT UNPACKING pc=0x000001f9f26988e2 sp=0x0000006b162fbc70 mode 0
Event: 13.756 Thread 0x000001f9e53cfb80 Uncommon trap: trap_request=0xffffff45 fr.pc=0x000001f9f2edeb54 relative=0x00000000000002b4
Event: 13.756 Thread 0x000001f9e53cfb80 Uncommon trap: reason=unstable_if action=reinterpret pc=0x000001f9f2edeb54 method=com.sun.tools.javac.util.Convert.utf2chars([BI[CIILcom/sun/tools/javac/util/Convert$Validation;)I @ 24 c2
Event: 13.756 Thread 0x000001f9e53cfb80 DEOPT PACKING pc=0x000001f9f2edeb54 sp=0x0000006b162fc250
Event: 13.756 Thread 0x000001f9e53cfb80 DEOPT UNPACKING pc=0x000001f9f2697da2 sp=0x0000006b162fc1c8 mode 2
Event: 14.183 Thread 0x000001f9e53cfb80 Uncommon trap: trap_request=0xffffff45 fr.pc=0x000001f9f2f5a708 relative=0x0000000000000168
Event: 14.183 Thread 0x000001f9e53cfb80 Uncommon trap: reason=unstable_if action=reinterpret pc=0x000001f9f2f5a708 method=com.sun.tools.javac.code.Type$ClassType.getTypeArguments()Lcom/sun/tools/javac/util/List; @ 15 c2
Event: 14.183 Thread 0x000001f9e53cfb80 DEOPT PACKING pc=0x000001f9f2f5a708 sp=0x0000006b162fd8a0
Event: 14.183 Thread 0x000001f9e53cfb80 DEOPT UNPACKING pc=0x000001f9f2697da2 sp=0x0000006b162fd858 mode 2

Classes loaded (20 events):
Event: 14.383 Loading class java/util/zip/ZipFile$ZipEntryIterator
Event: 14.383 Loading class java/util/zip/ZipFile$ZipEntryIterator done
Event: 14.500 Loading class jdk/internal/module/IllegalAccessLogger
Event: 14.500 Loading class jdk/internal/module/IllegalAccessLogger done
Event: 14.726 Loading class java/lang/LayerInstantiationException
Event: 14.726 Loading class java/lang/LayerInstantiationException done
Event: 14.726 Loading class jdk/internal/loader/Loader
Event: 14.727 Loading class jdk/internal/loader/Loader done
Event: 14.730 Loading class java/lang/Class$EnclosingMethodInfo
Event: 14.730 Loading class java/lang/Class$EnclosingMethodInfo done
Event: 14.730 Loading class jdk/internal/classfile/ClassBuilder
Event: 14.731 Loading class jdk/internal/classfile/ClassfileBuilder
Event: 14.731 Loading class jdk/internal/classfile/ClassfileBuilder done
Event: 14.731 Loading class jdk/internal/classfile/ClassBuilder done
Event: 14.731 Loading class jdk/internal/classfile/ClassElement
Event: 14.731 Loading class jdk/internal/classfile/ClassfileElement
Event: 14.731 Loading class jdk/internal/classfile/ClassfileElement done
Event: 14.731 Loading class jdk/internal/classfile/ClassElement done
Event: 14.733 Loading class java/lang/invoke/LambdaFormEditor$1
Event: 14.733 Loading class java/lang/invoke/LambdaFormEditor$1 done

Classes unloaded (0 events):
No events

Classes redefined (0 events):
No events

Internal exceptions (20 events):
Event: 13.769 Thread 0x000001f9e53cfb80 Exception <a 'sun/nio/fs/WindowsException'{0x0000000088e09560}> (0x0000000088e09560) 
thrown [s\src\hotspot\share\prims\jni.cpp, line 520]
Event: 13.769 Thread 0x000001f9e53cfb80 Exception <a 'sun/nio/fs/WindowsException'{0x0000000088e14c78}> (0x0000000088e14c78) 
thrown [s\src\hotspot\share\prims\jni.cpp, line 520]
Event: 13.769 Thread 0x000001f9e53cfb80 Exception <a 'sun/nio/fs/WindowsException'{0x0000000088e32b80}> (0x0000000088e32b80) 
thrown [s\src\hotspot\share\prims\jni.cpp, line 520]
Event: 13.770 Thread 0x000001f9e53cfb80 Exception <a 'sun/nio/fs/WindowsException'{0x0000000088e33ad8}> (0x0000000088e33ad8) 
thrown [s\src\hotspot\share\prims\jni.cpp, line 520]
Event: 13.770 Thread 0x000001f9e53cfb80 Exception <a 'sun/nio/fs/WindowsException'{0x0000000088e354d0}> (0x0000000088e354d0) 
thrown [s\src\hotspot\share\prims\jni.cpp, line 520]
Event: 13.770 Thread 0x000001f9e53cfb80 Exception <a 'sun/nio/fs/WindowsException'{0x0000000088e37a68}> (0x0000000088e37a68) 
thrown [s\src\hotspot\share\prims\jni.cpp, line 520]
Event: 13.770 Thread 0x000001f9e53cfb80 Exception <a 'sun/nio/fs/WindowsException'{0x0000000088e3c438}> (0x0000000088e3c438) 
thrown [s\src\hotspot\share\prims\jni.cpp, line 520]
Event: 13.770 Thread 0x000001f9e53cfb80 Exception <a 'sun/nio/fs/WindowsException'{0x0000000088e3d398}> (0x0000000088e3d398) 
thrown [s\src\hotspot\share\prims\jni.cpp, line 520]
Event: 13.883 Thread 0x000001f9e53cfb80 Exception <a 'sun/nio/fs/WindowsException'{0x0000000088c77710}> (0x0000000088c77710) 
thrown [s\src\hotspot\share\prims\jni.cpp, line 520]
Event: 13.883 Thread 0x000001f9e53cfb80 Exception <a 'sun/nio/fs/WindowsException'{0x0000000088c85b18}> (0x0000000088c85b18) 
thrown [s\src\hotspot\share\prims\jni.cpp, line 520]
Event: 13.884 Thread 0x000001f9e53cfb80 Exception <a 'sun/nio/fs/WindowsException'{0x0000000088cb1418}> (0x0000000088cb1418) 
thrown [s\src\hotspot\share\prims\jni.cpp, line 520]
Event: 13.884 Thread 0x000001f9e53cfb80 Exception <a 'sun/nio/fs/WindowsException'{0x0000000088cb1e10}> (0x0000000088cb1e10) 
thrown [s\src\hotspot\share\prims\jni.cpp, line 520]
Event: 13.888 Thread 0x000001f9e53cfb80 Exception <a 'sun/nio/fs/WindowsException'{0x0000000088cc0a00}> (0x0000000088cc0a00) 
thrown [s\src\hotspot\share\prims\jni.cpp, line 520]
Event: 13.889 Thread 0x000001f9e53cfb80 Exception <a 'sun/nio/fs/WindowsException'{0x0000000088ccdb48}> (0x0000000088ccdb48) 
thrown [s\src\hotspot\share\prims\jni.cpp, line 520]
Event: 13.889 Thread 0x000001f9e53cfb80 Exception <a 'sun/nio/fs/WindowsException'{0x0000000088cf2a60}> (0x0000000088cf2a60) 
thrown [s\src\hotspot\share\prims\jni.cpp, line 520]
Event: 13.889 Thread 0x000001f9e53cfb80 Exception <a 'sun/nio/fs/WindowsException'{0x0000000088cf3488}> (0x0000000088cf3488) 
thrown [s\src\hotspot\share\prims\jni.cpp, line 520]
Event: 13.898 Thread 0x000001f9e53cfb80 Exception <a 'sun/nio/fs/WindowsException'{0x0000000088b1ee00}> (0x0000000088b1ee00) 
thrown [s\src\hotspot\share\prims\jni.cpp, line 520]
Event: 13.898 Thread 0x000001f9e53cfb80 Exception <a 'sun/nio/fs/WindowsException'{0x0000000088b22608}> (0x0000000088b22608) 
thrown [s\src\hotspot\share\prims\jni.cpp, line 520]
Event: 13.898 Thread 0x000001f9e53cfb80 Exception <a 'sun/nio/fs/WindowsException'{0x0000000088b2bde0}> (0x0000000088b2bde0) 
thrown [s\src\hotspot\share\prims\jni.cpp, line 520]
Event: 13.898 Thread 0x000001f9e53cfb80 Exception <a 'sun/nio/fs/WindowsException'{0x0000000088b2c7e0}> (0x0000000088b2c7e0) 
thrown [s\src\hotspot\share\prims\jni.cpp, line 520]

ZGC Phase Switch (0 events):
No events

VM Operations (20 events):
Event: 10.859 Executing VM operation: CollectForMetadataAllocation (Metadata GC Threshold) done
Event: 10.899 Executing VM operation: G1PauseRemark
Event: 10.920 Executing VM operation: G1PauseRemark done
Event: 10.936 Executing VM operation: G1PauseCleanup
Event: 10.947 Executing VM operation: G1PauseCleanup done
Event: 11.952 Executing VM operation: Cleanup
Event: 11.952 Executing VM operation: Cleanup done
Event: 12.950 Executing VM operation: G1CollectForAllocation (G1 Evacuation Pause)
Event: 12.961 Executing VM operation: G1CollectForAllocation (G1 Evacuation Pause) done
Event: 13.269 Executing VM operation: HandshakeAllThreads (Deoptimize)
Event: 13.269 Executing VM operation: HandshakeAllThreads (Deoptimize) done
Event: 13.448 Executing VM operation: HandshakeAllThreads (Deoptimize)
Event: 13.448 Executing VM operation: HandshakeAllThreads (Deoptimize) done
Event: 13.587 Executing VM operation: G1CollectForAllocation (G1 Evacuation Pause)
Event: 13.601 Executing VM operation: G1CollectForAllocation (G1 Evacuation Pause) done
Event: 13.913 Executing VM operation: ICBufferFull
Event: 13.913 Executing VM operation: ICBufferFull done
Event: 13.985 Executing VM operation: HandshakeAllThreads (Deoptimize)
Event: 13.985 Executing VM operation: HandshakeAllThreads (Deoptimize) done
Event: 14.998 Executing VM operation: Cleanup

Events (20 events):
Event: 10.920 Thread 0x000001f9fec71a10 flushing nmethod 0x000001f9f2c34790
Event: 10.920 Thread 0x000001f9fec71a10 flushing nmethod 0x000001f9f2c32e10
Event: 10.920 Thread 0x000001f9fec71a10 flushing nmethod 0x000001f9f2c25e90
Event: 10.920 Thread 0x000001f9fec71a10 flushing nmethod 0x000001f9f2c1f590
Event: 10.920 Thread 0x000001f9fec71a10 flushing nmethod 0x000001f9f2c1eb90
Event: 10.920 Thread 0x000001f9fec71a10 flushing nmethod 0x000001f9f2c15c90
Event: 10.920 Thread 0x000001f9fec71a10 flushing nmethod 0x000001f9f2c15910
Event: 10.920 Thread 0x000001f9fec71a10 flushing nmethod 0x000001f9f2c12e90
Event: 10.920 Thread 0x000001f9fec71a10 flushing nmethod 0x000001f9f2c0a090
Event: 10.920 Thread 0x000001f9fec71a10 flushing nmethod 0x000001f9f2c09210
Event: 10.920 Thread 0x000001f9fec71a10 flushing nmethod 0x000001f9f2bf0b10
Event: 10.920 Thread 0x000001f9fec71a10 flushing nmethod 0x000001f9f2bef810
Event: 10.920 Thread 0x000001f9fec71a10 flushing nmethod 0x000001f9f2be8310
Event: 10.920 Thread 0x000001f9fec71a10 flushing nmethod 0x000001f9f2be6a90
Event: 10.920 Thread 0x000001f9fec71a10 flushing nmethod 0x000001f9f2be6790
Event: 10.920 Thread 0x000001f9fec71a10 flushing nmethod 0x000001f9f2be5190
Event: 10.920 Thread 0x000001f9fec71a10 flushing nmethod 0x000001f9f2be0010
Event: 11.847 Thread 0x000001f987bb9820 Thread added: 0x000001f987bb9820
Event: 13.248 Thread 0x000001f987bb9820 Thread exited: 0x000001f987bb9820
Event: 14.807 Thread 0x000001f989a5f8c0 Thread added: 0x000001f989a5f8c0


Dynamic libraries:
0x00007ff74d8c0000 - 0x00007ff74d8ce000 	C:\Users\bianc\OneDrive\햞ea de Trabalho\sts-4.24.0.RELEASE\plugins\org.eclipse.justj.openjdk.hotspot.jre.full.win32.x86_64_21.0.3.v20240426-1530\jre\bin\javaw.exe
0x00007ffcd6200000 - 0x00007ffcd6466000 	C:\WINDOWS\SYSTEM32\ntdll.dll
0x00007ffcd4df0000 - 0x00007ffcd4eb9000 	C:\WINDOWS\System32\KERNEL32.DLL
0x00007ffcd3620000 - 0x00007ffcd39ec000 	C:\WINDOWS\System32\KERNELBASE.dll
0x00007ffcd39f0000 - 0x00007ffcd3b3b000 	C:\WINDOWS\System32\ucrtbase.dll
0x00007ffccb6f0000 - 0x00007ffccb708000 	C:\Users\bianc\OneDrive\햞ea de Trabalho\sts-4.24.0.RELEASE\plugins\org.eclipse.justj.openjdk.hotspot.jre.full.win32.x86_64_21.0.3.v20240426-1530\jre\bin\jli.dll
0x00007ffcd47f0000 - 0x00007ffcd49ba000 	C:\WINDOWS\System32\USER32.dll
0x00007ffcd3c90000 - 0x00007ffcd3cb7000 	C:\WINDOWS\System32\win32u.dll
0x00007ffcd57b0000 - 0x00007ffcd57db000 	C:\WINDOWS\System32\GDI32.dll
0x00007ffcd3430000 - 0x00007ffcd3562000 	C:\WINDOWS\System32\gdi32full.dll
0x00007ffcd3570000 - 0x00007ffcd3613000 	C:\WINDOWS\System32\msvcp_win.dll
0x00007ffca9fd0000 - 0x00007ffca9feb000 	C:\Users\bianc\OneDrive\햞ea de Trabalho\sts-4.24.0.RELEASE\plugins\org.eclipse.justj.openjdk.hotspot.jre.full.win32.x86_64_21.0.3.v20240426-1530\jre\bin\VCRUNTIME140.dll
0x00007ffcb9440000 - 0x00007ffcb96da000 	C:\WINDOWS\WinSxS\amd64_microsoft.windows.common-controls_6595b64144ccf1df_6.0.26100.3912_none_3e07963ce335137e\COMCTL32.dll
0x00007ffcd5c10000 - 0x00007ffcd5cb9000 	C:\WINDOWS\System32\msvcrt.dll
0x00007ffcd3fc0000 - 0x00007ffcd3ff0000 	C:\WINDOWS\System32\IMM32.DLL
0x00007ffcbb100000 - 0x00007ffcbb10c000 	C:\Users\bianc\OneDrive\햞ea de Trabalho\sts-4.24.0.RELEASE\plugins\org.eclipse.justj.openjdk.hotspot.jre.full.win32.x86_64_21.0.3.v20240426-1530\jre\bin\vcruntime140_1.dll
0x00007ffca1400000 - 0x00007ffca148e000 	C:\Users\bianc\OneDrive\햞ea de Trabalho\sts-4.24.0.RELEASE\plugins\org.eclipse.justj.openjdk.hotspot.jre.full.win32.x86_64_21.0.3.v20240426-1530\jre\bin\msvcp140.dll
0x00007ffc61500000 - 0x00007ffc62282000 	C:\Users\bianc\OneDrive\햞ea de Trabalho\sts-4.24.0.RELEASE\plugins\org.eclipse.justj.openjdk.hotspot.jre.full.win32.x86_64_21.0.3.v20240426-1530\jre\bin\server\jvm.dll
0x00007ffcd5a20000 - 0x00007ffcd5ad2000 	C:\WINDOWS\System32\ADVAPI32.dll
0x00007ffcd4c20000 - 0x00007ffcd4cc6000 	C:\WINDOWS\System32\sechost.dll
0x00007ffcd4cd0000 - 0x00007ffcd4de6000 	C:\WINDOWS\System32\RPCRT4.dll
0x00007ffcd4f80000 - 0x00007ffcd4ff4000 	C:\WINDOWS\System32\WS2_32.dll
0x00007ffcd2c60000 - 0x00007ffcd2cbe000 	C:\WINDOWS\SYSTEM32\POWRPROF.dll
0x00007ffcc8030000 - 0x00007ffcc8066000 	C:\WINDOWS\SYSTEM32\WINMM.dll
0x00007ffcbe580000 - 0x00007ffcbe58b000 	C:\WINDOWS\SYSTEM32\VERSION.dll
0x00007ffcd2c40000 - 0x00007ffcd2c54000 	C:\WINDOWS\SYSTEM32\UMPDC.dll
0x00007ffcd2150000 - 0x00007ffcd216a000 	C:\WINDOWS\SYSTEM32\kernel.appcore.dll
0x00007ffccfc80000 - 0x00007ffccfc8a000 	C:\Users\bianc\OneDrive\햞ea de Trabalho\sts-4.24.0.RELEASE\plugins\org.eclipse.justj.openjdk.hotspot.jre.full.win32.x86_64_21.0.3.v20240426-1530\jre\bin\jimage.dll
0x00007ffcd0ac0000 - 0x00007ffcd0d01000 	C:\WINDOWS\SYSTEM32\DBGHELP.DLL
0x00007ffcd5e30000 - 0x00007ffcd61b4000 	C:\WINDOWS\System32\combase.dll
0x00007ffcd5b20000 - 0x00007ffcd5c00000 	C:\WINDOWS\System32\OLEAUT32.dll
0x00007ffcb0f90000 - 0x00007ffcb0fc9000 	C:\WINDOWS\SYSTEM32\dbgcore.DLL
0x00007ffcd3390000 - 0x00007ffcd3429000 	C:\WINDOWS\System32\bcryptPrimitives.dll
0x00007ffcabb90000 - 0x00007ffcabbaf000 	C:\Users\bianc\OneDrive\햞ea de Trabalho\sts-4.24.0.RELEASE\plugins\org.eclipse.justj.openjdk.hotspot.jre.full.win32.x86_64_21.0.3.v20240426-1530\jre\bin\java.dll
0x00007ffcabb70000 - 0x00007ffcabb88000 	C:\Users\bianc\OneDrive\햞ea de Trabalho\sts-4.24.0.RELEASE\plugins\org.eclipse.justj.openjdk.hotspot.jre.full.win32.x86_64_21.0.3.v20240426-1530\jre\bin\zip.dll
0x00007ffcd5000000 - 0x00007ffcd572d000 	C:\WINDOWS\System32\SHELL32.dll
0x00007ffcd3e40000 - 0x00007ffcd3fb4000 	C:\WINDOWS\System32\wintypes.dll
0x00007ffcd0e80000 - 0x00007ffcd16d6000 	C:\WINDOWS\SYSTEM32\windows.storage.dll
0x00007ffcd4060000 - 0x00007ffcd414f000 	C:\WINDOWS\System32\SHCORE.dll
0x00007ffcd4ec0000 - 0x00007ffcd4f29000 	C:\WINDOWS\System32\shlwapi.dll
0x00007ffcd32a0000 - 0x00007ffcd32cf000 	C:\WINDOWS\SYSTEM32\profapi.dll
0x00007ffccb290000 - 0x00007ffccb2a0000 	C:\Users\bianc\OneDrive\햞ea de Trabalho\sts-4.24.0.RELEASE\plugins\org.eclipse.justj.openjdk.hotspot.jre.full.win32.x86_64_21.0.3.v20240426-1530\jre\bin\net.dll
0x00007ffcc2d70000 - 0x00007ffcc2e8e000 	C:\WINDOWS\SYSTEM32\WINHTTP.dll
0x00007ffcd26c0000 - 0x00007ffcd272a000 	C:\WINDOWS\system32\mswsock.dll
0x00007ffca9ff0000 - 0x00007ffcaa006000 	C:\Users\bianc\OneDrive\햞ea de Trabalho\sts-4.24.0.RELEASE\plugins\org.eclipse.justj.openjdk.hotspot.jre.full.win32.x86_64_21.0.3.v20240426-1530\jre\bin\nio.dll
0x00007ffc9e470000 - 0x00007ffc9e494000 	C:\Users\bianc\AppData\Local\Temp\jansi-2.4.1-a47c2d29c69f63cd-jansi.dll
0x00007ffcbf4a0000 - 0x00007ffcbf4b0000 	C:\Users\bianc\OneDrive\햞ea de Trabalho\sts-4.24.0.RELEASE\plugins\org.eclipse.justj.openjdk.hotspot.jre.full.win32.x86_64_21.0.3.v20240426-1530\jre\bin\verify.dll
0x00007ffcd1c00000 - 0x00007ffcd1c33000 	C:\WINDOWS\SYSTEM32\IPHLPAPI.DLL
0x00007ffcd4b10000 - 0x00007ffcd4b1a000 	C:\WINDOWS\System32\NSI.dll
0x00007ffcbe620000 - 0x00007ffcbe629000 	C:\Users\bianc\OneDrive\햞ea de Trabalho\sts-4.24.0.RELEASE\plugins\org.eclipse.justj.openjdk.hotspot.jre.full.win32.x86_64_21.0.3.v20240426-1530\jre\bin\extnet.dll

dbghelp: loaded successfully - version: 4.0.5 - missing functions: none
symbol engine: initialized successfully - sym options: 0x614 - pdb path: .;C:\Users\bianc\OneDrive\햞ea de Trabalho\sts-4.24.0.RELEASE\plugins\org.eclipse.justj.openjdk.hotspot.jre.full.win32.x86_64_21.0.3.v20240426-1530\jre\bin;C:\WINDOWS\SYSTEM32;C:\WINDOWS\WinSxS\amd64_microsoft.windows.common-controls_6595b64144ccf1df_6.0.26100.3912_none_3e07963ce335137e;C:\Users\bianc\OneDrive\햞ea de Trabalho\sts-4.24.0.RELEASE\plugins\org.eclipse.justj.openjdk.hotspot.jre.full.win32.x86_64_21.0.3.v20240426-1530\jre\bin\server;C:\Users\bianc\AppData\Local\Temp

VM Arguments:
jvm_args: -Dmaven.home=EMBEDDED -Dclassworlds.conf=C:\Users\bianc\Documents\workspace-spring-tool-suite-4-4.24.0.RELEASE\.metadata\.plugins\org.eclipse.m2e.launching\launches\m2conf2649820259239171393.tmp -Dmaven.multiModuleProjectDirectory=C:\Users\bianc\git\PetShop-BackEnd -Dm2e.build.project.data.socket.port=56673 -Dfile.encoding=UTF-8 -Dstdout.encoding=UTF-8 -Dstderr.encoding=UTF-8 -XX:+ShowCodeDetailsInExceptionMessages 
java_command: org.codehaus.plexus.classworlds.launcher.Launcher -B -Dstyle.color=always clean package
java_class_path (initial): C:\Users\bianc\OneDrive\햞ea de Trabalho\sts-4.24.0.RELEASE\plugins\org.eclipse.m2e.maven.runtime_3.9.700.20240602-2313\jars\plexus-classworlds-2.8.0.jar
Launcher Type: SUN_STANDARD

[Global flags]
     intx CICompilerCount                          = 3                                         {product} {ergonomic}
     uint ConcGCThreads                            = 1                                         {product} {ergonomic}
     uint G1ConcRefinementThreads                  = 4                                         {product} {ergonomic}
   size_t G1HeapRegionSize                         = 1048576                                   {product} {ergonomic}
    uintx GCDrainStackTargetSize                   = 64                                        {product} {ergonomic}
   size_t InitialHeapSize                          = 130023424                                 {product} {ergonomic}
   size_t MarkStackSize                            = 4194304                                   {product} {ergonomic}
   size_t MaxHeapSize                              = 2067791872                                {product} {ergonomic}
   size_t MaxNewSize                               = 1240465408                                {product} {ergonomic}
   size_t MinHeapDeltaBytes                        = 1048576                                   {product} {ergonomic}
   size_t MinHeapSize                              = 8388608                                   {product} {ergonomic}
    uintx NonNMethodCodeHeapSize                   = 5832780                                {pd product} {ergonomic}
    uintx NonProfiledCodeHeapSize                  = 122912730                              {pd product} {ergonomic}
    uintx ProfiledCodeHeapSize                     = 122912730                              {pd product} {ergonomic}
    uintx ReservedCodeCacheSize                    = 251658240                              {pd product} {ergonomic}
     bool SegmentedCodeCache                       = true                                      {product} {ergonomic}
     bool ShowCodeDetailsInExceptionMessages       = true                                   {manageable} {command line}
   size_t SoftMaxHeapSize                          = 2067791872                             {manageable} {ergonomic}
     bool UseCompressedOops                        = true                           {product lp64_product} {ergonomic}
     bool UseG1GC                                  = true                                      {product} {ergonomic}
     bool UseLargePagesIndividualAllocation        = false                                  {pd product} {ergonomic}

Logging:
Log output configuration:
 #0: stdout all=warning uptime,level,tags foldmultilines=false
 #1: stderr all=off uptime,level,tags foldmultilines=false

Environment Variables:
PATH=C:/Users/bianc/OneDrive/햞ea de Trabalho/sts-4.24.0.RELEASE//plugins/org.eclipse.justj.openjdk.hotspot.jre.full.win32.x86_64_21.0.3.v20240426-1530/jre/bin/server;C:/Users/bianc/OneDrive/햞ea de Trabalho/sts-4.24.0.RELEASE//plugins/org.eclipse.justj.openjdk.hotspot.jre.full.win32.x86_64_21.0.3.v20240426-1530/jre/bin;C:\Program Files\Common Files\Oracle\Java\javapath;C:\Program Files\Python38\Scripts\;C:\Program Files\Python38\;C:\WINDOWS\system32;C:\WINDOWS;C:\WINDOWS\System32\Wbem;C:\WINDOWS\System32\WindowsPowerShell\v1.0\;C:\WINDOWS\System32\OpenSSH\;C:\Program Files\Microsoft SQL Server\Client SDK\ODBC\170\Tools\Binn\;C:\Program Files (x86)\Microsoft SQL Server\150\Tools\Binn\;C:\Program Files\Microsoft SQL Server\150\Tools\Binn\;C:\Program Files\Microsoft SQL Server\150\DTS\Binn\;C:\Program Files\Git\cmd;C:\Program Files\nodejs\;C:\Users\bianc\AppData\Local\Programs\Python\Python312\Scripts\;C:\Users\bianc\AppData\Local\Programs\Python\Python312\;C:\Users\bianc\AppData\Local\Microsoft\WindowsApps;;C:\Users\bianc\AppData\Local\Programs\Microsoft VS Code\bin;C:\Users\bianc\AppData\Roaming\npm;C:\Users\bianc\OneDrive\햞ea de Trabalho\sts-4.24.0.RELEASE;
USERNAME=bianc
OS=Windows_NT
PROCESSOR_IDENTIFIER=Intel64 Family 6 Model 140 Stepping 1, GenuineIntel
TMP=C:\Users\bianc\AppData\Local\Temp
TEMP=C:\Users\bianc\AppData\Local\Temp




Periodic native trim disabled

---------------  S Y S T E M  ---------------

OS:
 Windows 11 , 64 bit Build 26100 (10.0.26100.3912)
OS uptime: 13 days 3:47 hours
Hyper-V role detected

CPU: total 4 (initial active 4) (2 cores per cpu, 2 threads per core) family 6 model 140 stepping 1 microcode 0xa4, cx8, cmov, fxsr, ht, mmx, 3dnowpref, sse, sse2, sse3, ssse3, sse4.1, sse4.2, popcnt, lzcnt, tsc, tscinvbit, avx, avx2, aes, erms, clmul, bmi1, bmi2, adx, avx512f, avx512dq, avx512cd, avx512bw, avx512vl, sha, fma, vzeroupper, avx512_vpopcntdq, avx512_vpclmulqdq, avx512_vaes, avx512_vnni, clflush, clflushopt, clwb, avx512_vbmi2, avx512_vbmi, hv, rdtscp, rdpid, fsrm, gfni, avx512_bitalg, f16c, cet_ibt, cet_ss, avx512_ifma
Processor Information for all 4 processors :
  Max Mhz: 2995, Current Mhz: 2995, Mhz Limit: 2995

Memory: 4k page, system-wide physical 7886M (547M free)
TotalPageFile size 16078M (AvailPageFile size 9M)
current process WorkingSet (physical memory assigned to process): 216M, peak: 219M
current process commit charge ("private bytes"): 236M, peak: 238M

vm_info: OpenJDK 64-Bit Server VM (21.0.3+9-LTS) for windows-amd64 JRE (21.0.3+9-LTS), built on 2024-04-16T00:00:00Z by "admin" with MS VC++ 17.7 (VS2022)

END.
